[debug] [2024-08-27T23:35:56.234Z] ----------------------------------------------------------------------
[debug] [2024-08-27T23:35:56.238Z] Command:       /Users/connornorton/.nvm/versions/node/v18.20.4/bin/node /Users/connornorton/.nvm/versions/node/v16.16.0/bin/firebase deploy --only functions:helloWorldWork
[debug] [2024-08-27T23:35:56.238Z] CLI Version:   13.15.4
[debug] [2024-08-27T23:35:56.239Z] Platform:      darwin
[debug] [2024-08-27T23:35:56.239Z] Node Version:  v18.20.4
[debug] [2024-08-27T23:35:56.241Z] Time:          Tue Aug 27 2024 16:35:56 GMT-0700 (Pacific Daylight Time)
[debug] [2024-08-27T23:35:56.241Z] ----------------------------------------------------------------------
[debug] 
[debug] [2024-08-27T23:35:56.346Z] > command requires scopes: ["email","openid","https://www.googleapis.com/auth/cloudplatformprojects.readonly","https://www.googleapis.com/auth/firebase","https://www.googleapis.com/auth/cloud-platform"]
[debug] [2024-08-27T23:35:56.346Z] > authorizing via signed-in user (connorn314@gmail.com)
[debug] [2024-08-27T23:35:56.347Z] [iam] checking project push-fe07a for permissions ["cloudfunctions.functions.create","cloudfunctions.functions.delete","cloudfunctions.functions.get","cloudfunctions.functions.list","cloudfunctions.functions.update","cloudfunctions.operations.get","firebase.projects.get"]
[debug] [2024-08-27T23:35:56.350Z] >>> [apiv2][query] POST https://cloudresourcemanager.googleapis.com/v1/projects/push-fe07a:testIamPermissions [none]
[debug] [2024-08-27T23:35:56.350Z] >>> [apiv2][(partial)header] POST https://cloudresourcemanager.googleapis.com/v1/projects/push-fe07a:testIamPermissions x-goog-quota-user=projects/push-fe07a
[debug] [2024-08-27T23:35:56.350Z] >>> [apiv2][body] POST https://cloudresourcemanager.googleapis.com/v1/projects/push-fe07a:testIamPermissions {"permissions":["cloudfunctions.functions.create","cloudfunctions.functions.delete","cloudfunctions.functions.get","cloudfunctions.functions.list","cloudfunctions.functions.update","cloudfunctions.operations.get","firebase.projects.get"]}
[debug] [2024-08-27T23:35:56.634Z] <<< [apiv2][status] POST https://cloudresourcemanager.googleapis.com/v1/projects/push-fe07a:testIamPermissions 200
[debug] [2024-08-27T23:35:56.635Z] <<< [apiv2][body] POST https://cloudresourcemanager.googleapis.com/v1/projects/push-fe07a:testIamPermissions {"permissions":["cloudfunctions.functions.create","cloudfunctions.functions.delete","cloudfunctions.functions.get","cloudfunctions.functions.list","cloudfunctions.functions.update","cloudfunctions.operations.get","firebase.projects.get"]}
[debug] [2024-08-27T23:35:56.635Z] >>> [apiv2][query] POST https://iam.googleapis.com/v1/projects/push-fe07a/serviceAccounts/push-fe07a@appspot.gserviceaccount.com:testIamPermissions [none]
[debug] [2024-08-27T23:35:56.635Z] >>> [apiv2][body] POST https://iam.googleapis.com/v1/projects/push-fe07a/serviceAccounts/push-fe07a@appspot.gserviceaccount.com:testIamPermissions {"permissions":["iam.serviceAccounts.actAs"]}
[debug] [2024-08-27T23:35:56.843Z] <<< [apiv2][status] POST https://iam.googleapis.com/v1/projects/push-fe07a/serviceAccounts/push-fe07a@appspot.gserviceaccount.com:testIamPermissions 404
[debug] [2024-08-27T23:35:56.843Z] <<< [apiv2][body] POST https://iam.googleapis.com/v1/projects/push-fe07a/serviceAccounts/push-fe07a@appspot.gserviceaccount.com:testIamPermissions {"error":{"code":404,"message":"Unknown service account","status":"NOT_FOUND"}}
[debug] [2024-08-27T23:35:56.844Z] [functions] service account IAM check errored, deploy may fail: HTTP Error: 404, Unknown service account {"name":"FirebaseError","children":[],"context":{"body":{"error":{"code":404,"message":"Unknown service account","status":"NOT_FOUND"}},"response":{"statusCode":404}},"exit":1,"message":"HTTP Error: 404, Unknown service account","status":404}
[info] 
[info] === Deploying to 'push-fe07a'...
[info] 
[info] i  deploying functions 
[info] Running command: npm --prefix "$RESOURCE_DIR" run lint
[info] Running command: npm --prefix "$RESOURCE_DIR" run build
[info] ✔  functions: Finished running predeploy script. 
[debug] [2024-08-27T23:36:15.436Z] >>> [apiv2][query] GET https://firebase.googleapis.com/v1beta1/projects/push-fe07a [none]
[debug] [2024-08-27T23:36:15.794Z] <<< [apiv2][status] GET https://firebase.googleapis.com/v1beta1/projects/push-fe07a 200
[debug] [2024-08-27T23:36:15.794Z] <<< [apiv2][body] GET https://firebase.googleapis.com/v1beta1/projects/push-fe07a {"projectId":"push-fe07a","projectNumber":"512192655271","displayName":"push","name":"projects/push-fe07a","resources":{"hostingSite":"push-fe07a"},"state":"ACTIVE","etag":"1_04ed9324-a6a6-476e-b49b-353eb7d6c2f2"}
[info] i  functions: preparing codebase default for deployment 
[info] i  functions: ensuring required API cloudfunctions.googleapis.com is enabled... 
[info] i  functions: ensuring required API cloudbuild.googleapis.com is enabled... 
[info] i  artifactregistry: ensuring required API artifactregistry.googleapis.com is enabled... 
[debug] [2024-08-27T23:36:15.798Z] >>> [apiv2][query] GET https://serviceusage.googleapis.com/v1/projects/push-fe07a/services/cloudfunctions.googleapis.com [none]
[debug] [2024-08-27T23:36:15.798Z] >>> [apiv2][(partial)header] GET https://serviceusage.googleapis.com/v1/projects/push-fe07a/services/cloudfunctions.googleapis.com x-goog-quota-user=projects/push-fe07a
[debug] [2024-08-27T23:36:15.800Z] >>> [apiv2][query] GET https://serviceusage.googleapis.com/v1/projects/push-fe07a/services/runtimeconfig.googleapis.com [none]
[debug] [2024-08-27T23:36:15.801Z] >>> [apiv2][(partial)header] GET https://serviceusage.googleapis.com/v1/projects/push-fe07a/services/runtimeconfig.googleapis.com x-goog-quota-user=projects/push-fe07a
[debug] [2024-08-27T23:36:15.802Z] >>> [apiv2][query] GET https://serviceusage.googleapis.com/v1/projects/push-fe07a/services/cloudbuild.googleapis.com [none]
[debug] [2024-08-27T23:36:15.803Z] >>> [apiv2][(partial)header] GET https://serviceusage.googleapis.com/v1/projects/push-fe07a/services/cloudbuild.googleapis.com x-goog-quota-user=projects/push-fe07a
[debug] [2024-08-27T23:36:15.804Z] >>> [apiv2][query] GET https://serviceusage.googleapis.com/v1/projects/push-fe07a/services/artifactregistry.googleapis.com [none]
[debug] [2024-08-27T23:36:15.805Z] >>> [apiv2][(partial)header] GET https://serviceusage.googleapis.com/v1/projects/push-fe07a/services/artifactregistry.googleapis.com x-goog-quota-user=projects/push-fe07a
[debug] [2024-08-27T23:36:16.312Z] <<< [apiv2][status] GET https://serviceusage.googleapis.com/v1/projects/push-fe07a/services/runtimeconfig.googleapis.com 200
[debug] [2024-08-27T23:36:16.312Z] <<< [apiv2][body] GET https://serviceusage.googleapis.com/v1/projects/push-fe07a/services/runtimeconfig.googleapis.com [omitted]
[debug] [2024-08-27T23:36:16.316Z] <<< [apiv2][status] GET https://serviceusage.googleapis.com/v1/projects/push-fe07a/services/cloudbuild.googleapis.com 200
[debug] [2024-08-27T23:36:16.316Z] <<< [apiv2][body] GET https://serviceusage.googleapis.com/v1/projects/push-fe07a/services/cloudbuild.googleapis.com [omitted]
[info] ✔  functions: required API cloudbuild.googleapis.com is enabled 
[debug] [2024-08-27T23:36:16.318Z] <<< [apiv2][status] GET https://serviceusage.googleapis.com/v1/projects/push-fe07a/services/cloudfunctions.googleapis.com 200
[debug] [2024-08-27T23:36:16.319Z] <<< [apiv2][body] GET https://serviceusage.googleapis.com/v1/projects/push-fe07a/services/cloudfunctions.googleapis.com [omitted]
[info] ✔  functions: required API cloudfunctions.googleapis.com is enabled 
[debug] [2024-08-27T23:36:16.327Z] <<< [apiv2][status] GET https://serviceusage.googleapis.com/v1/projects/push-fe07a/services/artifactregistry.googleapis.com 200
[debug] [2024-08-27T23:36:16.327Z] <<< [apiv2][body] GET https://serviceusage.googleapis.com/v1/projects/push-fe07a/services/artifactregistry.googleapis.com [omitted]
[info] ✔  artifactregistry: required API artifactregistry.googleapis.com is enabled 
[debug] [2024-08-27T23:36:16.328Z] >>> [apiv2][query] GET https://firebase.googleapis.com/v1beta1/projects/push-fe07a/adminSdkConfig [none]
[debug] [2024-08-27T23:36:16.541Z] <<< [apiv2][status] GET https://firebase.googleapis.com/v1beta1/projects/push-fe07a/adminSdkConfig 200
[debug] [2024-08-27T23:36:16.541Z] <<< [apiv2][body] GET https://firebase.googleapis.com/v1beta1/projects/push-fe07a/adminSdkConfig {"projectId":"push-fe07a","storageBucket":"push-fe07a.appspot.com"}
[debug] [2024-08-27T23:36:16.541Z] >>> [apiv2][query] GET https://runtimeconfig.googleapis.com/v1beta1/projects/push-fe07a/configs [none]
[debug] [2024-08-27T23:36:16.804Z] <<< [apiv2][status] GET https://runtimeconfig.googleapis.com/v1beta1/projects/push-fe07a/configs 200
[debug] [2024-08-27T23:36:16.804Z] <<< [apiv2][body] GET https://runtimeconfig.googleapis.com/v1beta1/projects/push-fe07a/configs {}
[debug] [2024-08-27T23:36:16.806Z] Validating nodejs source
[debug] [2024-08-27T23:36:18.139Z] > [functions] package.json contents: {
  "name": "functions",
  "scripts": {
    "lint": "eslint --ext .js,.ts .",
    "build": "tsc",
    "build:watch": "tsc --watch",
    "serve": "npm run build && firebase emulators:start --only functions",
    "shell": "npm run build && firebase functions:shell",
    "start": "npm run shell",
    "deploy": "firebase deploy --only functions",
    "logs": "firebase functions:log"
  },
  "engines": {
    "node": "18"
  },
  "main": "lib/index.js",
  "dependencies": {
    "firebase-admin": "^12.1.0",
    "firebase-functions": "^5.0.0"
  },
  "devDependencies": {
    "@typescript-eslint/eslint-plugin": "^5.12.0",
    "@typescript-eslint/parser": "^5.12.0",
    "eslint": "^8.9.0",
    "eslint-config-google": "^0.14.0",
    "eslint-plugin-import": "^2.25.4",
    "firebase-functions-test": "^3.1.0",
    "typescript": "^4.9.0"
  },
  "private": true
}
[debug] [2024-08-27T23:36:18.140Z] Building nodejs source
[info] i  functions: Loading and analyzing source code for codebase default to determine what to deploy 
[debug] [2024-08-27T23:36:18.142Z] Could not find functions.yaml. Must use http discovery
[debug] [2024-08-27T23:36:18.165Z] Found firebase-functions binary at '/Users/connornorton/Dropbox/Mac/Desktop/AppIdeas/letsPush/functions/node_modules/.bin/firebase-functions'
[info] Serving at port 8216

[debug] [2024-08-27T23:36:19.112Z] Got response from /__/functions.yaml {"endpoints":{"helloWorldWork":{"availableMemoryMb":null,"timeoutSeconds":null,"minInstances":null,"maxInstances":null,"ingressSettings":null,"concurrency":null,"serviceAccountEmail":null,"vpc":null,"platform":"gcfv2","labels":{},"httpsTrigger":{},"entryPoint":"helloWorldWork"}},"specVersion":"v1alpha1","requiredAPIs":[],"extensions":{}}
[debug] [2024-08-27T23:36:19.150Z] >>> [apiv2][query] GET https://serviceusage.googleapis.com/v1/projects/push-fe07a/services/firebaseextensions.googleapis.com [none]
[debug] [2024-08-27T23:36:19.150Z] >>> [apiv2][(partial)header] GET https://serviceusage.googleapis.com/v1/projects/push-fe07a/services/firebaseextensions.googleapis.com x-goog-quota-user=projects/push-fe07a
[debug] [2024-08-27T23:36:19.571Z] <<< [apiv2][status] GET https://serviceusage.googleapis.com/v1/projects/push-fe07a/services/firebaseextensions.googleapis.com 200
[debug] [2024-08-27T23:36:19.571Z] <<< [apiv2][body] GET https://serviceusage.googleapis.com/v1/projects/push-fe07a/services/firebaseextensions.googleapis.com [omitted]
[info] i  functions: preparing functions directory for uploading... 
[info] i  functions: packaged /Users/connornorton/Dropbox/Mac/Desktop/AppIdeas/letsPush/functions (56.35 KB) for uploading 
[debug] [2024-08-27T23:36:19.663Z] >>> [apiv2][query] GET https://cloudfunctions.googleapis.com/v1/projects/push-fe07a/locations/-/functions [none]
[debug] [2024-08-27T23:36:20.195Z] <<< [apiv2][status] GET https://cloudfunctions.googleapis.com/v1/projects/push-fe07a/locations/-/functions 200
[debug] [2024-08-27T23:36:20.195Z] <<< [apiv2][body] GET https://cloudfunctions.googleapis.com/v1/projects/push-fe07a/locations/-/functions {}
[debug] [2024-08-27T23:36:20.197Z] >>> [apiv2][query] GET https://cloudfunctions.googleapis.com/v2/projects/push-fe07a/locations/-/functions filter=environment%3D%22GEN_2%22
[debug] [2024-08-27T23:36:20.871Z] <<< [apiv2][status] GET https://cloudfunctions.googleapis.com/v2/projects/push-fe07a/locations/-/functions 200
[debug] [2024-08-27T23:36:20.871Z] <<< [apiv2][body] GET https://cloudfunctions.googleapis.com/v2/projects/push-fe07a/locations/-/functions {}
[info] i  functions: ensuring required API run.googleapis.com is enabled... 
[info] i  functions: ensuring required API eventarc.googleapis.com is enabled... 
[info] i  functions: ensuring required API pubsub.googleapis.com is enabled... 
[info] i  functions: ensuring required API storage.googleapis.com is enabled... 
[debug] [2024-08-27T23:36:20.875Z] >>> [apiv2][query] GET https://serviceusage.googleapis.com/v1/projects/push-fe07a/services/run.googleapis.com [none]
[debug] [2024-08-27T23:36:20.875Z] >>> [apiv2][(partial)header] GET https://serviceusage.googleapis.com/v1/projects/push-fe07a/services/run.googleapis.com x-goog-quota-user=projects/push-fe07a
[debug] [2024-08-27T23:36:20.878Z] >>> [apiv2][query] GET https://serviceusage.googleapis.com/v1/projects/push-fe07a/services/eventarc.googleapis.com [none]
[debug] [2024-08-27T23:36:20.879Z] >>> [apiv2][(partial)header] GET https://serviceusage.googleapis.com/v1/projects/push-fe07a/services/eventarc.googleapis.com x-goog-quota-user=projects/push-fe07a
[debug] [2024-08-27T23:36:20.882Z] >>> [apiv2][query] GET https://serviceusage.googleapis.com/v1/projects/push-fe07a/services/pubsub.googleapis.com [none]
[debug] [2024-08-27T23:36:20.883Z] >>> [apiv2][(partial)header] GET https://serviceusage.googleapis.com/v1/projects/push-fe07a/services/pubsub.googleapis.com x-goog-quota-user=projects/push-fe07a
[debug] [2024-08-27T23:36:20.885Z] >>> [apiv2][query] GET https://serviceusage.googleapis.com/v1/projects/push-fe07a/services/storage.googleapis.com [none]
[debug] [2024-08-27T23:36:20.885Z] >>> [apiv2][(partial)header] GET https://serviceusage.googleapis.com/v1/projects/push-fe07a/services/storage.googleapis.com x-goog-quota-user=projects/push-fe07a
[debug] [2024-08-27T23:36:21.295Z] <<< [apiv2][status] GET https://serviceusage.googleapis.com/v1/projects/push-fe07a/services/run.googleapis.com 200
[debug] [2024-08-27T23:36:21.295Z] <<< [apiv2][body] GET https://serviceusage.googleapis.com/v1/projects/push-fe07a/services/run.googleapis.com [omitted]
[info] ✔  functions: required API run.googleapis.com is enabled 
[debug] [2024-08-27T23:36:21.296Z] <<< [apiv2][status] GET https://serviceusage.googleapis.com/v1/projects/push-fe07a/services/storage.googleapis.com 200
[debug] [2024-08-27T23:36:21.296Z] <<< [apiv2][body] GET https://serviceusage.googleapis.com/v1/projects/push-fe07a/services/storage.googleapis.com [omitted]
[info] ✔  functions: required API storage.googleapis.com is enabled 
[debug] [2024-08-27T23:36:21.298Z] <<< [apiv2][status] GET https://serviceusage.googleapis.com/v1/projects/push-fe07a/services/pubsub.googleapis.com 200
[debug] [2024-08-27T23:36:21.298Z] <<< [apiv2][body] GET https://serviceusage.googleapis.com/v1/projects/push-fe07a/services/pubsub.googleapis.com [omitted]
[info] ✔  functions: required API pubsub.googleapis.com is enabled 
[debug] [2024-08-27T23:36:21.392Z] <<< [apiv2][status] GET https://serviceusage.googleapis.com/v1/projects/push-fe07a/services/eventarc.googleapis.com 200
[debug] [2024-08-27T23:36:21.392Z] <<< [apiv2][body] GET https://serviceusage.googleapis.com/v1/projects/push-fe07a/services/eventarc.googleapis.com [omitted]
[info] ✔  functions: required API eventarc.googleapis.com is enabled 
[info] i  functions: generating the service identity for pubsub.googleapis.com... 
[info] i  functions: generating the service identity for eventarc.googleapis.com... 
[debug] [2024-08-27T23:36:21.394Z] >>> [apiv2][query] POST https://serviceusage.googleapis.com/v1beta1/projects/512192655271/services/pubsub.googleapis.com:generateServiceIdentity [none]
[debug] [2024-08-27T23:36:21.397Z] >>> [apiv2][query] POST https://serviceusage.googleapis.com/v1beta1/projects/512192655271/services/eventarc.googleapis.com:generateServiceIdentity [none]
[debug] [2024-08-27T23:36:21.984Z] <<< [apiv2][status] POST https://serviceusage.googleapis.com/v1beta1/projects/512192655271/services/pubsub.googleapis.com:generateServiceIdentity 200
[debug] [2024-08-27T23:36:21.984Z] <<< [apiv2][body] POST https://serviceusage.googleapis.com/v1beta1/projects/512192655271/services/pubsub.googleapis.com:generateServiceIdentity {"name":"operations/finished.DONE_OPERATION","done":true,"response":{"@type":"type.googleapis.com/google.api.serviceusage.v1beta1.ServiceIdentity","email":"service-512192655271@gcp-sa-pubsub.iam.gserviceaccount.com","uniqueId":"105300806111053624687"}}
[debug] [2024-08-27T23:36:21.993Z] <<< [apiv2][status] POST https://serviceusage.googleapis.com/v1beta1/projects/512192655271/services/eventarc.googleapis.com:generateServiceIdentity 200
[debug] [2024-08-27T23:36:21.993Z] <<< [apiv2][body] POST https://serviceusage.googleapis.com/v1beta1/projects/512192655271/services/eventarc.googleapis.com:generateServiceIdentity {"name":"operations/finished.DONE_OPERATION","done":true,"response":{"@type":"type.googleapis.com/google.api.serviceusage.v1beta1.ServiceIdentity","email":"service-512192655271@gcp-sa-eventarc.iam.gserviceaccount.com","uniqueId":"115331722096209208058"}}
[debug] [2024-08-27T23:36:21.996Z] >>> [apiv2][query] GET https://firebase.googleapis.com/v1beta1/projects/push-fe07a [none]
[debug] [2024-08-27T23:36:22.211Z] <<< [apiv2][status] GET https://firebase.googleapis.com/v1beta1/projects/push-fe07a 200
[debug] [2024-08-27T23:36:22.211Z] <<< [apiv2][body] GET https://firebase.googleapis.com/v1beta1/projects/push-fe07a {"projectId":"push-fe07a","projectNumber":"512192655271","displayName":"push","name":"projects/push-fe07a","resources":{"hostingSite":"push-fe07a"},"state":"ACTIVE","etag":"1_04ed9324-a6a6-476e-b49b-353eb7d6c2f2"}
[debug] [2024-08-27T23:36:22.214Z] >>> [apiv2][query] GET https://cloudbilling.googleapis.com/v1/projects/push-fe07a/billingInfo [none]
[debug] [2024-08-27T23:36:22.607Z] <<< [apiv2][status] GET https://cloudbilling.googleapis.com/v1/projects/push-fe07a/billingInfo 200
[debug] [2024-08-27T23:36:22.607Z] <<< [apiv2][body] GET https://cloudbilling.googleapis.com/v1/projects/push-fe07a/billingInfo {"name":"projects/push-fe07a/billingInfo","projectId":"push-fe07a","billingAccountName":"billingAccounts/01B099-5916EA-AF76D5","billingEnabled":true}
[debug] [2024-08-27T23:36:22.610Z] [functions] found 1 new HTTP functions, testing setIamPolicy permission...
[debug] [2024-08-27T23:36:22.610Z] >>> [apiv2][query] POST https://cloudresourcemanager.googleapis.com/v1/projects/push-fe07a:testIamPermissions [none]
[debug] [2024-08-27T23:36:22.610Z] >>> [apiv2][(partial)header] POST https://cloudresourcemanager.googleapis.com/v1/projects/push-fe07a:testIamPermissions x-goog-quota-user=projects/push-fe07a
[debug] [2024-08-27T23:36:22.611Z] >>> [apiv2][body] POST https://cloudresourcemanager.googleapis.com/v1/projects/push-fe07a:testIamPermissions {"permissions":["cloudfunctions.functions.setIamPolicy"]}
[debug] [2024-08-27T23:36:22.729Z] <<< [apiv2][status] POST https://cloudresourcemanager.googleapis.com/v1/projects/push-fe07a:testIamPermissions 200
[debug] [2024-08-27T23:36:22.729Z] <<< [apiv2][body] POST https://cloudresourcemanager.googleapis.com/v1/projects/push-fe07a:testIamPermissions {"permissions":["cloudfunctions.functions.setIamPolicy"]}
[debug] [2024-08-27T23:36:22.729Z] [functions] found setIamPolicy permission, proceeding with deploy
[debug] [2024-08-27T23:36:22.730Z] >>> [apiv2][query] POST https://cloudfunctions.googleapis.com/v2/projects/push-fe07a/locations/us-central1/functions:generateUploadUrl [none]
[debug] [2024-08-27T23:36:23.168Z] <<< [apiv2][status] POST https://cloudfunctions.googleapis.com/v2/projects/push-fe07a/locations/us-central1/functions:generateUploadUrl 200
[debug] [2024-08-27T23:36:23.168Z] <<< [apiv2][body] POST https://cloudfunctions.googleapis.com/v2/projects/push-fe07a/locations/us-central1/functions:generateUploadUrl {"uploadUrl":"https://storage.googleapis.com/gcf-v2-uploads-512192655271-us-central1/ee91c645-8aa3-42ed-99f8-eb791f725782.zip?GoogleAccessId=service-512192655271@gcf-admin-robot.iam.gserviceaccount.com&Expires=1724803583&Signature=YcNeT1d9SMMNeNHvuQRIy8lBVqDRgoXUYMslN8xrdEQgNzh9AxJk18UQSCt8Oz8gZn0B4Fw8YsKDgtXzkjqFh47LQvs3a%2F2AE9K16EllMpkCID7X1EplihtcGeA1iFYNzyFH5oMwD5U5NGpBZRfiUZchlnQY60UDXYQM0p5NyuJQ0w3r6TYnfVZKRK6PkdnE2%2Fy2vXdgypn2HM13kyEuqLNPouLKJzzWK5bdu%2F%2BF568NpQhXGqhn0E37lyHBupP0ethxEOdg1E8YL%2FwC7v8ZP9AWwZ7GL1JaVlQRa%2FJNB6OEnDFpzMD03ccSvnI6M3600ngrtbRjtNj8Ec8kFu2apQ%3D%3D","storageSource":{"bucket":"gcf-v2-uploads-512192655271-us-central1","object":"ee91c645-8aa3-42ed-99f8-eb791f725782.zip"}}
[debug] [2024-08-27T23:36:23.171Z] >>> [apiv2][query] PUT https://storage.googleapis.com/gcf-v2-uploads-512192655271-us-central1/ee91c645-8aa3-42ed-99f8-eb791f725782.zip GoogleAccessId=service-512192655271%40gcf-admin-robot.iam.gserviceaccount.com&Expires=1724803583&Signature=YcNeT1d9SMMNeNHvuQRIy8lBVqDRgoXUYMslN8xrdEQgNzh9AxJk18UQSCt8Oz8gZn0B4Fw8YsKDgtXzkjqFh47LQvs3a%2F2AE9K16EllMpkCID7X1EplihtcGeA1iFYNzyFH5oMwD5U5NGpBZRfiUZchlnQY60UDXYQM0p5NyuJQ0w3r6TYnfVZKRK6PkdnE2%2Fy2vXdgypn2HM13kyEuqLNPouLKJzzWK5bdu%2F%2BF568NpQhXGqhn0E37lyHBupP0ethxEOdg1E8YL%2FwC7v8ZP9AWwZ7GL1JaVlQRa%2FJNB6OEnDFpzMD03ccSvnI6M3600ngrtbRjtNj8Ec8kFu2apQ%3D%3D
[debug] [2024-08-27T23:36:23.171Z] >>> [apiv2][body] PUT https://storage.googleapis.com/gcf-v2-uploads-512192655271-us-central1/ee91c645-8aa3-42ed-99f8-eb791f725782.zip [stream]
[debug] [2024-08-27T23:36:23.475Z] <<< [apiv2][status] PUT https://storage.googleapis.com/gcf-v2-uploads-512192655271-us-central1/ee91c645-8aa3-42ed-99f8-eb791f725782.zip 200
[debug] [2024-08-27T23:36:23.475Z] <<< [apiv2][body] PUT https://storage.googleapis.com/gcf-v2-uploads-512192655271-us-central1/ee91c645-8aa3-42ed-99f8-eb791f725782.zip [omitted]
[info] ✔  functions: functions folder uploaded successfully 
[info] i  functions: creating Node.js 18 (2nd Gen) function helloWorldWork(us-central1)... 
[debug] [2024-08-27T23:36:23.485Z] >>> [apiv2][query] POST https://cloudfunctions.googleapis.com/v2/projects/push-fe07a/locations/us-central1/functions functionId=helloWorldWork
[debug] [2024-08-27T23:36:23.485Z] >>> [apiv2][body] POST https://cloudfunctions.googleapis.com/v2/projects/push-fe07a/locations/us-central1/functions {"name":"projects/push-fe07a/locations/us-central1/functions/helloWorldWork","buildConfig":{"runtime":"nodejs18","entryPoint":"helloWorldWork","source":{"storageSource":{"bucket":"gcf-v2-uploads-512192655271-us-central1","object":"ee91c645-8aa3-42ed-99f8-eb791f725782.zip"}},"environmentVariables":{"GOOGLE_NODE_RUN_SCRIPTS":""}},"serviceConfig":{"environmentVariables":{"FIREBASE_CONFIG":"{\"projectId\":\"push-fe07a\",\"storageBucket\":\"push-fe07a.appspot.com\"}","GCLOUD_PROJECT":"push-fe07a","EVENTARC_CLOUD_EVENT_SOURCE":"projects/push-fe07a/locations/us-central1/services/helloWorldWork","FUNCTION_TARGET":"helloWorldWork"},"ingressSettings":null,"timeoutSeconds":null,"serviceAccountEmail":null,"availableMemory":"256Mi","minInstanceCount":null,"maxInstanceCount":null,"maxInstanceRequestConcurrency":80,"availableCpu":"1","vpcConnector":null,"vpcConnectorEgressSettings":null},"labels":{"deployment-tool":"cli-firebase","firebase-functions-hash":"4ff11d40683fb1daffe1c0d94e76a18385414d34"}}
[debug] [2024-08-27T23:36:24.346Z] <<< [apiv2][status] POST https://cloudfunctions.googleapis.com/v2/projects/push-fe07a/locations/us-central1/functions 200
[debug] [2024-08-27T23:36:24.346Z] <<< [apiv2][body] POST https://cloudfunctions.googleapis.com/v2/projects/push-fe07a/locations/us-central1/functions {"name":"projects/push-fe07a/locations/us-central1/operations/operation-1724801783869-620b2b5a2af10-729125ad-ffe42b35","metadata":{"@type":"type.googleapis.com/google.cloud.functions.v2.OperationMetadata","createTime":"2024-08-27T23:36:24.341037360Z","target":"projects/push-fe07a/locations/us-central1/functions/helloWorldWork","verb":"create","cancelRequested":false,"apiVersion":"v2"},"done":false}
[debug] [2024-08-27T23:36:24.348Z] >>> [apiv2][query] GET https://cloudfunctions.googleapis.com/v2/projects/push-fe07a/locations/us-central1/operations/operation-1724801783869-620b2b5a2af10-729125ad-ffe42b35 [none]
[debug] [2024-08-27T23:36:24.727Z] <<< [apiv2][status] GET https://cloudfunctions.googleapis.com/v2/projects/push-fe07a/locations/us-central1/operations/operation-1724801783869-620b2b5a2af10-729125ad-ffe42b35 200
[debug] [2024-08-27T23:36:24.727Z] <<< [apiv2][body] GET https://cloudfunctions.googleapis.com/v2/projects/push-fe07a/locations/us-central1/operations/operation-1724801783869-620b2b5a2af10-729125ad-ffe42b35 {"name":"projects/push-fe07a/locations/us-central1/operations/operation-1724801783869-620b2b5a2af10-729125ad-ffe42b35","metadata":{"@type":"type.googleapis.com/google.cloud.functions.v2.OperationMetadata","createTime":"2024-08-27T23:36:24.341037360Z","target":"projects/push-fe07a/locations/us-central1/functions/helloWorldWork","verb":"create","cancelRequested":false,"apiVersion":"v2","requestResource":{"@type":"type.googleapis.com/google.cloud.functions.v2.Function","name":"projects/push-fe07a/locations/us-central1/functions/helloWorldWork","buildConfig":{"runtime":"nodejs18","entryPoint":"helloWorldWork","source":{"storageSource":{"bucket":"gcf-v2-sources-512192655271-us-central1","object":"helloWorldWork/function-source.zip","generation":"1724801784129267"}},"environmentVariables":{"GOOGLE_NODE_RUN_SCRIPTS":""},"serviceAccount":"projects/push-fe07a/serviceAccounts/512192655271-compute@developer.gserviceaccount.com","automaticUpdatePolicy":{}},"serviceConfig":{"service":"projects/push-fe07a/locations/us-central1/services/helloworldwork","timeoutSeconds":60,"environmentVariables":{"FIREBASE_CONFIG":"{\"projectId\":\"push-fe07a\",\"storageBucket\":\"push-fe07a.appspot.com\"}","GCLOUD_PROJECT":"push-fe07a","EVENTARC_CLOUD_EVENT_SOURCE":"projects/push-fe07a/locations/us-central1/services/helloWorldWork","FUNCTION_TARGET":"helloWorldWork","LOG_EXECUTION_ID":"true"},"ingressSettings":"ALLOW_ALL","serviceAccountEmail":"512192655271-compute@developer.gserviceaccount.com","availableMemory":"256Mi","maxInstanceRequestConcurrency":80,"availableCpu":"1"},"labels":{"deployment-tool":"cli-firebase","firebase-functions-hash":"4ff11d40683fb1daffe1c0d94e76a18385414d34"},"environment":"GEN_2"},"stages":[{"name":"BUILD","state":"NOT_STARTED"},{"name":"SERVICE","state":"NOT_STARTED"}],"operationType":"CREATE_FUNCTION"},"done":false}
[debug] [2024-08-27T23:36:25.231Z] [create-default-us-central1-helloWorldWork] Retrying task index 0
[debug] [2024-08-27T23:36:25.231Z] >>> [apiv2][query] GET https://cloudfunctions.googleapis.com/v2/projects/push-fe07a/locations/us-central1/operations/operation-1724801783869-620b2b5a2af10-729125ad-ffe42b35 [none]
[debug] [2024-08-27T23:36:25.625Z] <<< [apiv2][status] GET https://cloudfunctions.googleapis.com/v2/projects/push-fe07a/locations/us-central1/operations/operation-1724801783869-620b2b5a2af10-729125ad-ffe42b35 200
[debug] [2024-08-27T23:36:25.626Z] <<< [apiv2][body] GET https://cloudfunctions.googleapis.com/v2/projects/push-fe07a/locations/us-central1/operations/operation-1724801783869-620b2b5a2af10-729125ad-ffe42b35 {"name":"projects/push-fe07a/locations/us-central1/operations/operation-1724801783869-620b2b5a2af10-729125ad-ffe42b35","metadata":{"@type":"type.googleapis.com/google.cloud.functions.v2.OperationMetadata","createTime":"2024-08-27T23:36:24.341037360Z","target":"projects/push-fe07a/locations/us-central1/functions/helloWorldWork","verb":"create","cancelRequested":false,"apiVersion":"v2","requestResource":{"@type":"type.googleapis.com/google.cloud.functions.v2.Function","name":"projects/push-fe07a/locations/us-central1/functions/helloWorldWork","buildConfig":{"runtime":"nodejs18","entryPoint":"helloWorldWork","source":{"storageSource":{"bucket":"gcf-v2-sources-512192655271-us-central1","object":"helloWorldWork/function-source.zip","generation":"1724801784129267"}},"environmentVariables":{"GOOGLE_NODE_RUN_SCRIPTS":""},"serviceAccount":"projects/push-fe07a/serviceAccounts/512192655271-compute@developer.gserviceaccount.com","automaticUpdatePolicy":{}},"serviceConfig":{"service":"projects/push-fe07a/locations/us-central1/services/helloworldwork","timeoutSeconds":60,"environmentVariables":{"FIREBASE_CONFIG":"{\"projectId\":\"push-fe07a\",\"storageBucket\":\"push-fe07a.appspot.com\"}","GCLOUD_PROJECT":"push-fe07a","EVENTARC_CLOUD_EVENT_SOURCE":"projects/push-fe07a/locations/us-central1/services/helloWorldWork","FUNCTION_TARGET":"helloWorldWork","LOG_EXECUTION_ID":"true"},"ingressSettings":"ALLOW_ALL","serviceAccountEmail":"512192655271-compute@developer.gserviceaccount.com","availableMemory":"256Mi","maxInstanceRequestConcurrency":80,"availableCpu":"1"},"labels":{"deployment-tool":"cli-firebase","firebase-functions-hash":"4ff11d40683fb1daffe1c0d94e76a18385414d34"},"environment":"GEN_2"},"stages":[{"name":"BUILD","message":"Build in progress","state":"IN_PROGRESS","resource":"projects/512192655271/locations/us-central1/builds/57d4bfbb-6291-4673-8db4-6bf392f07093","resourceUri":"https://console.cloud.google.com/cloud-build/builds;region=us-central1/57d4bfbb-6291-4673-8db4-6bf392f07093?project=512192655271"},{"name":"SERVICE","state":"NOT_STARTED"}],"operationType":"CREATE_FUNCTION","buildName":"projects/512192655271/locations/us-central1/builds/57d4bfbb-6291-4673-8db4-6bf392f07093"},"done":false}
[debug] [2024-08-27T23:36:26.626Z] [create-default-us-central1-helloWorldWork] Retrying task index 0
[debug] [2024-08-27T23:36:26.627Z] >>> [apiv2][query] GET https://cloudfunctions.googleapis.com/v2/projects/push-fe07a/locations/us-central1/operations/operation-1724801783869-620b2b5a2af10-729125ad-ffe42b35 [none]
[debug] [2024-08-27T23:36:26.989Z] <<< [apiv2][status] GET https://cloudfunctions.googleapis.com/v2/projects/push-fe07a/locations/us-central1/operations/operation-1724801783869-620b2b5a2af10-729125ad-ffe42b35 200
[debug] [2024-08-27T23:36:26.990Z] <<< [apiv2][body] GET https://cloudfunctions.googleapis.com/v2/projects/push-fe07a/locations/us-central1/operations/operation-1724801783869-620b2b5a2af10-729125ad-ffe42b35 {"name":"projects/push-fe07a/locations/us-central1/operations/operation-1724801783869-620b2b5a2af10-729125ad-ffe42b35","metadata":{"@type":"type.googleapis.com/google.cloud.functions.v2.OperationMetadata","createTime":"2024-08-27T23:36:24.341037360Z","target":"projects/push-fe07a/locations/us-central1/functions/helloWorldWork","verb":"create","cancelRequested":false,"apiVersion":"v2","requestResource":{"@type":"type.googleapis.com/google.cloud.functions.v2.Function","name":"projects/push-fe07a/locations/us-central1/functions/helloWorldWork","buildConfig":{"runtime":"nodejs18","entryPoint":"helloWorldWork","source":{"storageSource":{"bucket":"gcf-v2-sources-512192655271-us-central1","object":"helloWorldWork/function-source.zip","generation":"1724801784129267"}},"environmentVariables":{"GOOGLE_NODE_RUN_SCRIPTS":""},"serviceAccount":"projects/push-fe07a/serviceAccounts/512192655271-compute@developer.gserviceaccount.com","automaticUpdatePolicy":{}},"serviceConfig":{"service":"projects/push-fe07a/locations/us-central1/services/helloworldwork","timeoutSeconds":60,"environmentVariables":{"FIREBASE_CONFIG":"{\"projectId\":\"push-fe07a\",\"storageBucket\":\"push-fe07a.appspot.com\"}","GCLOUD_PROJECT":"push-fe07a","EVENTARC_CLOUD_EVENT_SOURCE":"projects/push-fe07a/locations/us-central1/services/helloWorldWork","FUNCTION_TARGET":"helloWorldWork","LOG_EXECUTION_ID":"true"},"ingressSettings":"ALLOW_ALL","serviceAccountEmail":"512192655271-compute@developer.gserviceaccount.com","availableMemory":"256Mi","maxInstanceRequestConcurrency":80,"availableCpu":"1"},"labels":{"deployment-tool":"cli-firebase","firebase-functions-hash":"4ff11d40683fb1daffe1c0d94e76a18385414d34"},"environment":"GEN_2"},"stages":[{"name":"BUILD","message":"Build in progress","state":"IN_PROGRESS","resource":"projects/512192655271/locations/us-central1/builds/57d4bfbb-6291-4673-8db4-6bf392f07093","resourceUri":"https://console.cloud.google.com/cloud-build/builds;region=us-central1/57d4bfbb-6291-4673-8db4-6bf392f07093?project=512192655271"},{"name":"SERVICE","state":"NOT_STARTED"}],"operationType":"CREATE_FUNCTION","buildName":"projects/512192655271/locations/us-central1/builds/57d4bfbb-6291-4673-8db4-6bf392f07093"},"done":false}
[debug] [2024-08-27T23:36:28.990Z] [create-default-us-central1-helloWorldWork] Retrying task index 0
[debug] [2024-08-27T23:36:28.991Z] >>> [apiv2][query] GET https://cloudfunctions.googleapis.com/v2/projects/push-fe07a/locations/us-central1/operations/operation-1724801783869-620b2b5a2af10-729125ad-ffe42b35 [none]
[debug] [2024-08-27T23:36:29.352Z] <<< [apiv2][status] GET https://cloudfunctions.googleapis.com/v2/projects/push-fe07a/locations/us-central1/operations/operation-1724801783869-620b2b5a2af10-729125ad-ffe42b35 200
[debug] [2024-08-27T23:36:29.352Z] <<< [apiv2][body] GET https://cloudfunctions.googleapis.com/v2/projects/push-fe07a/locations/us-central1/operations/operation-1724801783869-620b2b5a2af10-729125ad-ffe42b35 {"name":"projects/push-fe07a/locations/us-central1/operations/operation-1724801783869-620b2b5a2af10-729125ad-ffe42b35","metadata":{"@type":"type.googleapis.com/google.cloud.functions.v2.OperationMetadata","createTime":"2024-08-27T23:36:24.341037360Z","target":"projects/push-fe07a/locations/us-central1/functions/helloWorldWork","verb":"create","cancelRequested":false,"apiVersion":"v2","requestResource":{"@type":"type.googleapis.com/google.cloud.functions.v2.Function","name":"projects/push-fe07a/locations/us-central1/functions/helloWorldWork","buildConfig":{"runtime":"nodejs18","entryPoint":"helloWorldWork","source":{"storageSource":{"bucket":"gcf-v2-sources-512192655271-us-central1","object":"helloWorldWork/function-source.zip","generation":"1724801784129267"}},"environmentVariables":{"GOOGLE_NODE_RUN_SCRIPTS":""},"serviceAccount":"projects/push-fe07a/serviceAccounts/512192655271-compute@developer.gserviceaccount.com","automaticUpdatePolicy":{}},"serviceConfig":{"service":"projects/push-fe07a/locations/us-central1/services/helloworldwork","timeoutSeconds":60,"environmentVariables":{"FIREBASE_CONFIG":"{\"projectId\":\"push-fe07a\",\"storageBucket\":\"push-fe07a.appspot.com\"}","GCLOUD_PROJECT":"push-fe07a","EVENTARC_CLOUD_EVENT_SOURCE":"projects/push-fe07a/locations/us-central1/services/helloWorldWork","FUNCTION_TARGET":"helloWorldWork","LOG_EXECUTION_ID":"true"},"ingressSettings":"ALLOW_ALL","serviceAccountEmail":"512192655271-compute@developer.gserviceaccount.com","availableMemory":"256Mi","maxInstanceRequestConcurrency":80,"availableCpu":"1"},"labels":{"deployment-tool":"cli-firebase","firebase-functions-hash":"4ff11d40683fb1daffe1c0d94e76a18385414d34"},"environment":"GEN_2"},"stages":[{"name":"BUILD","message":"Build in progress","state":"IN_PROGRESS","resource":"projects/512192655271/locations/us-central1/builds/57d4bfbb-6291-4673-8db4-6bf392f07093","resourceUri":"https://console.cloud.google.com/cloud-build/builds;region=us-central1/57d4bfbb-6291-4673-8db4-6bf392f07093?project=512192655271"},{"name":"SERVICE","state":"NOT_STARTED"}],"operationType":"CREATE_FUNCTION","buildName":"projects/512192655271/locations/us-central1/builds/57d4bfbb-6291-4673-8db4-6bf392f07093"},"done":false}
[debug] [2024-08-27T23:36:33.354Z] [create-default-us-central1-helloWorldWork] Retrying task index 0
[debug] [2024-08-27T23:36:33.355Z] >>> [apiv2][query] GET https://cloudfunctions.googleapis.com/v2/projects/push-fe07a/locations/us-central1/operations/operation-1724801783869-620b2b5a2af10-729125ad-ffe42b35 [none]
[debug] [2024-08-27T23:36:33.715Z] <<< [apiv2][status] GET https://cloudfunctions.googleapis.com/v2/projects/push-fe07a/locations/us-central1/operations/operation-1724801783869-620b2b5a2af10-729125ad-ffe42b35 200
[debug] [2024-08-27T23:36:33.715Z] <<< [apiv2][body] GET https://cloudfunctions.googleapis.com/v2/projects/push-fe07a/locations/us-central1/operations/operation-1724801783869-620b2b5a2af10-729125ad-ffe42b35 {"name":"projects/push-fe07a/locations/us-central1/operations/operation-1724801783869-620b2b5a2af10-729125ad-ffe42b35","metadata":{"@type":"type.googleapis.com/google.cloud.functions.v2.OperationMetadata","createTime":"2024-08-27T23:36:24.341037360Z","target":"projects/push-fe07a/locations/us-central1/functions/helloWorldWork","verb":"create","cancelRequested":false,"apiVersion":"v2","requestResource":{"@type":"type.googleapis.com/google.cloud.functions.v2.Function","name":"projects/push-fe07a/locations/us-central1/functions/helloWorldWork","buildConfig":{"runtime":"nodejs18","entryPoint":"helloWorldWork","source":{"storageSource":{"bucket":"gcf-v2-sources-512192655271-us-central1","object":"helloWorldWork/function-source.zip","generation":"1724801784129267"}},"environmentVariables":{"GOOGLE_NODE_RUN_SCRIPTS":""},"serviceAccount":"projects/push-fe07a/serviceAccounts/512192655271-compute@developer.gserviceaccount.com","automaticUpdatePolicy":{}},"serviceConfig":{"service":"projects/push-fe07a/locations/us-central1/services/helloworldwork","timeoutSeconds":60,"environmentVariables":{"FIREBASE_CONFIG":"{\"projectId\":\"push-fe07a\",\"storageBucket\":\"push-fe07a.appspot.com\"}","GCLOUD_PROJECT":"push-fe07a","EVENTARC_CLOUD_EVENT_SOURCE":"projects/push-fe07a/locations/us-central1/services/helloWorldWork","FUNCTION_TARGET":"helloWorldWork","LOG_EXECUTION_ID":"true"},"ingressSettings":"ALLOW_ALL","serviceAccountEmail":"512192655271-compute@developer.gserviceaccount.com","availableMemory":"256Mi","maxInstanceRequestConcurrency":80,"availableCpu":"1"},"labels":{"deployment-tool":"cli-firebase","firebase-functions-hash":"4ff11d40683fb1daffe1c0d94e76a18385414d34"},"environment":"GEN_2"},"stages":[{"name":"BUILD","message":"Build in progress","state":"IN_PROGRESS","resource":"projects/512192655271/locations/us-central1/builds/57d4bfbb-6291-4673-8db4-6bf392f07093","resourceUri":"https://console.cloud.google.com/cloud-build/builds;region=us-central1/57d4bfbb-6291-4673-8db4-6bf392f07093?project=512192655271"},{"name":"SERVICE","state":"NOT_STARTED"}],"operationType":"CREATE_FUNCTION","buildName":"projects/512192655271/locations/us-central1/builds/57d4bfbb-6291-4673-8db4-6bf392f07093"},"done":false}
[debug] [2024-08-27T23:36:41.717Z] [create-default-us-central1-helloWorldWork] Retrying task index 0
[debug] [2024-08-27T23:36:41.718Z] >>> [apiv2][query] GET https://cloudfunctions.googleapis.com/v2/projects/push-fe07a/locations/us-central1/operations/operation-1724801783869-620b2b5a2af10-729125ad-ffe42b35 [none]
[debug] [2024-08-27T23:36:42.093Z] <<< [apiv2][status] GET https://cloudfunctions.googleapis.com/v2/projects/push-fe07a/locations/us-central1/operations/operation-1724801783869-620b2b5a2af10-729125ad-ffe42b35 200
[debug] [2024-08-27T23:36:42.093Z] <<< [apiv2][body] GET https://cloudfunctions.googleapis.com/v2/projects/push-fe07a/locations/us-central1/operations/operation-1724801783869-620b2b5a2af10-729125ad-ffe42b35 {"name":"projects/push-fe07a/locations/us-central1/operations/operation-1724801783869-620b2b5a2af10-729125ad-ffe42b35","metadata":{"@type":"type.googleapis.com/google.cloud.functions.v2.OperationMetadata","createTime":"2024-08-27T23:36:24.341037360Z","target":"projects/push-fe07a/locations/us-central1/functions/helloWorldWork","verb":"create","cancelRequested":false,"apiVersion":"v2","requestResource":{"@type":"type.googleapis.com/google.cloud.functions.v2.Function","name":"projects/push-fe07a/locations/us-central1/functions/helloWorldWork","buildConfig":{"runtime":"nodejs18","entryPoint":"helloWorldWork","source":{"storageSource":{"bucket":"gcf-v2-sources-512192655271-us-central1","object":"helloWorldWork/function-source.zip","generation":"1724801784129267"}},"environmentVariables":{"GOOGLE_NODE_RUN_SCRIPTS":""},"serviceAccount":"projects/push-fe07a/serviceAccounts/512192655271-compute@developer.gserviceaccount.com","automaticUpdatePolicy":{}},"serviceConfig":{"service":"projects/push-fe07a/locations/us-central1/services/helloworldwork","timeoutSeconds":60,"environmentVariables":{"FIREBASE_CONFIG":"{\"projectId\":\"push-fe07a\",\"storageBucket\":\"push-fe07a.appspot.com\"}","GCLOUD_PROJECT":"push-fe07a","EVENTARC_CLOUD_EVENT_SOURCE":"projects/push-fe07a/locations/us-central1/services/helloWorldWork","FUNCTION_TARGET":"helloWorldWork","LOG_EXECUTION_ID":"true"},"ingressSettings":"ALLOW_ALL","serviceAccountEmail":"512192655271-compute@developer.gserviceaccount.com","availableMemory":"256Mi","maxInstanceRequestConcurrency":80,"availableCpu":"1"},"labels":{"deployment-tool":"cli-firebase","firebase-functions-hash":"4ff11d40683fb1daffe1c0d94e76a18385414d34"},"environment":"GEN_2"},"stages":[{"name":"BUILD","message":"Build in progress","state":"IN_PROGRESS","resource":"projects/512192655271/locations/us-central1/builds/57d4bfbb-6291-4673-8db4-6bf392f07093","resourceUri":"https://console.cloud.google.com/cloud-build/builds;region=us-central1/57d4bfbb-6291-4673-8db4-6bf392f07093?project=512192655271"},{"name":"SERVICE","state":"NOT_STARTED"}],"operationType":"CREATE_FUNCTION","buildName":"projects/512192655271/locations/us-central1/builds/57d4bfbb-6291-4673-8db4-6bf392f07093"},"done":false}
[debug] [2024-08-27T23:36:52.095Z] [create-default-us-central1-helloWorldWork] Retrying task index 0
[debug] [2024-08-27T23:36:52.096Z] >>> [apiv2][query] GET https://cloudfunctions.googleapis.com/v2/projects/push-fe07a/locations/us-central1/operations/operation-1724801783869-620b2b5a2af10-729125ad-ffe42b35 [none]
[debug] [2024-08-27T23:36:52.462Z] <<< [apiv2][status] GET https://cloudfunctions.googleapis.com/v2/projects/push-fe07a/locations/us-central1/operations/operation-1724801783869-620b2b5a2af10-729125ad-ffe42b35 200
[debug] [2024-08-27T23:36:52.462Z] <<< [apiv2][body] GET https://cloudfunctions.googleapis.com/v2/projects/push-fe07a/locations/us-central1/operations/operation-1724801783869-620b2b5a2af10-729125ad-ffe42b35 {"name":"projects/push-fe07a/locations/us-central1/operations/operation-1724801783869-620b2b5a2af10-729125ad-ffe42b35","metadata":{"@type":"type.googleapis.com/google.cloud.functions.v2.OperationMetadata","createTime":"2024-08-27T23:36:24.341037360Z","target":"projects/push-fe07a/locations/us-central1/functions/helloWorldWork","verb":"create","cancelRequested":false,"apiVersion":"v2","requestResource":{"@type":"type.googleapis.com/google.cloud.functions.v2.Function","name":"projects/push-fe07a/locations/us-central1/functions/helloWorldWork","buildConfig":{"runtime":"nodejs18","entryPoint":"helloWorldWork","source":{"storageSource":{"bucket":"gcf-v2-sources-512192655271-us-central1","object":"helloWorldWork/function-source.zip","generation":"1724801784129267"}},"environmentVariables":{"GOOGLE_NODE_RUN_SCRIPTS":""},"serviceAccount":"projects/push-fe07a/serviceAccounts/512192655271-compute@developer.gserviceaccount.com","automaticUpdatePolicy":{}},"serviceConfig":{"service":"projects/push-fe07a/locations/us-central1/services/helloworldwork","timeoutSeconds":60,"environmentVariables":{"FIREBASE_CONFIG":"{\"projectId\":\"push-fe07a\",\"storageBucket\":\"push-fe07a.appspot.com\"}","GCLOUD_PROJECT":"push-fe07a","EVENTARC_CLOUD_EVENT_SOURCE":"projects/push-fe07a/locations/us-central1/services/helloWorldWork","FUNCTION_TARGET":"helloWorldWork","LOG_EXECUTION_ID":"true"},"ingressSettings":"ALLOW_ALL","serviceAccountEmail":"512192655271-compute@developer.gserviceaccount.com","availableMemory":"256Mi","maxInstanceRequestConcurrency":80,"availableCpu":"1"},"labels":{"deployment-tool":"cli-firebase","firebase-functions-hash":"4ff11d40683fb1daffe1c0d94e76a18385414d34"},"environment":"GEN_2"},"stages":[{"name":"BUILD","message":"Build in progress","state":"IN_PROGRESS","resource":"projects/512192655271/locations/us-central1/builds/57d4bfbb-6291-4673-8db4-6bf392f07093","resourceUri":"https://console.cloud.google.com/cloud-build/builds;region=us-central1/57d4bfbb-6291-4673-8db4-6bf392f07093?project=512192655271"},{"name":"SERVICE","state":"NOT_STARTED"}],"operationType":"CREATE_FUNCTION","buildName":"projects/512192655271/locations/us-central1/builds/57d4bfbb-6291-4673-8db4-6bf392f07093"},"done":false}
[debug] [2024-08-27T23:37:02.464Z] [create-default-us-central1-helloWorldWork] Retrying task index 0
[debug] [2024-08-27T23:37:02.464Z] >>> [apiv2][query] GET https://cloudfunctions.googleapis.com/v2/projects/push-fe07a/locations/us-central1/operations/operation-1724801783869-620b2b5a2af10-729125ad-ffe42b35 [none]
[debug] [2024-08-27T23:37:02.847Z] <<< [apiv2][status] GET https://cloudfunctions.googleapis.com/v2/projects/push-fe07a/locations/us-central1/operations/operation-1724801783869-620b2b5a2af10-729125ad-ffe42b35 200
[debug] [2024-08-27T23:37:02.847Z] <<< [apiv2][body] GET https://cloudfunctions.googleapis.com/v2/projects/push-fe07a/locations/us-central1/operations/operation-1724801783869-620b2b5a2af10-729125ad-ffe42b35 {"name":"projects/push-fe07a/locations/us-central1/operations/operation-1724801783869-620b2b5a2af10-729125ad-ffe42b35","metadata":{"@type":"type.googleapis.com/google.cloud.functions.v2.OperationMetadata","createTime":"2024-08-27T23:36:24.341037360Z","target":"projects/push-fe07a/locations/us-central1/functions/helloWorldWork","verb":"create","cancelRequested":false,"apiVersion":"v2","requestResource":{"@type":"type.googleapis.com/google.cloud.functions.v2.Function","name":"projects/push-fe07a/locations/us-central1/functions/helloWorldWork","buildConfig":{"runtime":"nodejs18","entryPoint":"helloWorldWork","source":{"storageSource":{"bucket":"gcf-v2-sources-512192655271-us-central1","object":"helloWorldWork/function-source.zip","generation":"1724801784129267"}},"environmentVariables":{"GOOGLE_NODE_RUN_SCRIPTS":""},"serviceAccount":"projects/push-fe07a/serviceAccounts/512192655271-compute@developer.gserviceaccount.com","automaticUpdatePolicy":{}},"serviceConfig":{"service":"projects/push-fe07a/locations/us-central1/services/helloworldwork","timeoutSeconds":60,"environmentVariables":{"FIREBASE_CONFIG":"{\"projectId\":\"push-fe07a\",\"storageBucket\":\"push-fe07a.appspot.com\"}","GCLOUD_PROJECT":"push-fe07a","EVENTARC_CLOUD_EVENT_SOURCE":"projects/push-fe07a/locations/us-central1/services/helloWorldWork","FUNCTION_TARGET":"helloWorldWork","LOG_EXECUTION_ID":"true"},"ingressSettings":"ALLOW_ALL","serviceAccountEmail":"512192655271-compute@developer.gserviceaccount.com","availableMemory":"256Mi","maxInstanceRequestConcurrency":80,"availableCpu":"1"},"labels":{"deployment-tool":"cli-firebase","firebase-functions-hash":"4ff11d40683fb1daffe1c0d94e76a18385414d34"},"environment":"GEN_2"},"stages":[{"name":"BUILD","message":"Build in progress","state":"IN_PROGRESS","resource":"projects/512192655271/locations/us-central1/builds/57d4bfbb-6291-4673-8db4-6bf392f07093","resourceUri":"https://console.cloud.google.com/cloud-build/builds;region=us-central1/57d4bfbb-6291-4673-8db4-6bf392f07093?project=512192655271"},{"name":"SERVICE","state":"NOT_STARTED"}],"operationType":"CREATE_FUNCTION","buildName":"projects/512192655271/locations/us-central1/builds/57d4bfbb-6291-4673-8db4-6bf392f07093"},"done":false}
[debug] [2024-08-27T23:37:12.849Z] [create-default-us-central1-helloWorldWork] Retrying task index 0
[debug] [2024-08-27T23:37:12.850Z] >>> [apiv2][query] GET https://cloudfunctions.googleapis.com/v2/projects/push-fe07a/locations/us-central1/operations/operation-1724801783869-620b2b5a2af10-729125ad-ffe42b35 [none]
[debug] [2024-08-27T23:37:13.035Z] <<< [apiv2][status] GET https://cloudfunctions.googleapis.com/v2/projects/push-fe07a/locations/us-central1/operations/operation-1724801783869-620b2b5a2af10-729125ad-ffe42b35 200
[debug] [2024-08-27T23:37:13.035Z] <<< [apiv2][body] GET https://cloudfunctions.googleapis.com/v2/projects/push-fe07a/locations/us-central1/operations/operation-1724801783869-620b2b5a2af10-729125ad-ffe42b35 {"name":"projects/push-fe07a/locations/us-central1/operations/operation-1724801783869-620b2b5a2af10-729125ad-ffe42b35","metadata":{"@type":"type.googleapis.com/google.cloud.functions.v2.OperationMetadata","createTime":"2024-08-27T23:36:24.341037360Z","target":"projects/push-fe07a/locations/us-central1/functions/helloWorldWork","verb":"create","cancelRequested":false,"apiVersion":"v2","requestResource":{"@type":"type.googleapis.com/google.cloud.functions.v2.Function","name":"projects/push-fe07a/locations/us-central1/functions/helloWorldWork","buildConfig":{"runtime":"nodejs18","entryPoint":"helloWorldWork","source":{"storageSource":{"bucket":"gcf-v2-sources-512192655271-us-central1","object":"helloWorldWork/function-source.zip","generation":"1724801784129267"}},"environmentVariables":{"GOOGLE_NODE_RUN_SCRIPTS":""},"serviceAccount":"projects/push-fe07a/serviceAccounts/512192655271-compute@developer.gserviceaccount.com","automaticUpdatePolicy":{}},"serviceConfig":{"service":"projects/push-fe07a/locations/us-central1/services/helloworldwork","timeoutSeconds":60,"environmentVariables":{"FIREBASE_CONFIG":"{\"projectId\":\"push-fe07a\",\"storageBucket\":\"push-fe07a.appspot.com\"}","GCLOUD_PROJECT":"push-fe07a","EVENTARC_CLOUD_EVENT_SOURCE":"projects/push-fe07a/locations/us-central1/services/helloWorldWork","FUNCTION_TARGET":"helloWorldWork","LOG_EXECUTION_ID":"true"},"ingressSettings":"ALLOW_ALL","serviceAccountEmail":"512192655271-compute@developer.gserviceaccount.com","availableMemory":"256Mi","maxInstanceRequestConcurrency":80,"availableCpu":"1"},"labels":{"deployment-tool":"cli-firebase","firebase-functions-hash":"4ff11d40683fb1daffe1c0d94e76a18385414d34"},"environment":"GEN_2"},"stages":[{"name":"BUILD","message":"Build in progress","state":"IN_PROGRESS","resource":"projects/512192655271/locations/us-central1/builds/57d4bfbb-6291-4673-8db4-6bf392f07093","resourceUri":"https://console.cloud.google.com/cloud-build/builds;region=us-central1/57d4bfbb-6291-4673-8db4-6bf392f07093?project=512192655271"},{"name":"SERVICE","state":"NOT_STARTED"}],"operationType":"CREATE_FUNCTION","buildName":"projects/512192655271/locations/us-central1/builds/57d4bfbb-6291-4673-8db4-6bf392f07093"},"done":false}
[debug] [2024-08-27T23:37:23.036Z] [create-default-us-central1-helloWorldWork] Retrying task index 0
[debug] [2024-08-27T23:37:23.037Z] >>> [apiv2][query] GET https://cloudfunctions.googleapis.com/v2/projects/push-fe07a/locations/us-central1/operations/operation-1724801783869-620b2b5a2af10-729125ad-ffe42b35 [none]
[debug] [2024-08-27T23:37:23.403Z] <<< [apiv2][status] GET https://cloudfunctions.googleapis.com/v2/projects/push-fe07a/locations/us-central1/operations/operation-1724801783869-620b2b5a2af10-729125ad-ffe42b35 200
[debug] [2024-08-27T23:37:23.404Z] <<< [apiv2][body] GET https://cloudfunctions.googleapis.com/v2/projects/push-fe07a/locations/us-central1/operations/operation-1724801783869-620b2b5a2af10-729125ad-ffe42b35 {"name":"projects/push-fe07a/locations/us-central1/operations/operation-1724801783869-620b2b5a2af10-729125ad-ffe42b35","metadata":{"@type":"type.googleapis.com/google.cloud.functions.v2.OperationMetadata","createTime":"2024-08-27T23:36:24.341037360Z","endTime":"2024-08-27T23:37:13.847167233Z","target":"projects/push-fe07a/locations/us-central1/functions/helloWorldWork","verb":"create","cancelRequested":false,"apiVersion":"v2","requestResource":{"@type":"type.googleapis.com/google.cloud.functions.v2.Function","name":"projects/push-fe07a/locations/us-central1/functions/helloWorldWork","buildConfig":{"runtime":"nodejs18","entryPoint":"helloWorldWork","source":{"storageSource":{"bucket":"gcf-v2-sources-512192655271-us-central1","object":"helloWorldWork/function-source.zip","generation":"1724801784129267"}},"environmentVariables":{"GOOGLE_NODE_RUN_SCRIPTS":""},"serviceAccount":"projects/push-fe07a/serviceAccounts/512192655271-compute@developer.gserviceaccount.com","automaticUpdatePolicy":{}},"serviceConfig":{"service":"projects/push-fe07a/locations/us-central1/services/helloworldwork","timeoutSeconds":60,"environmentVariables":{"FIREBASE_CONFIG":"{\"projectId\":\"push-fe07a\",\"storageBucket\":\"push-fe07a.appspot.com\"}","GCLOUD_PROJECT":"push-fe07a","EVENTARC_CLOUD_EVENT_SOURCE":"projects/push-fe07a/locations/us-central1/services/helloWorldWork","FUNCTION_TARGET":"helloWorldWork","LOG_EXECUTION_ID":"true"},"ingressSettings":"ALLOW_ALL","serviceAccountEmail":"512192655271-compute@developer.gserviceaccount.com","availableMemory":"256Mi","maxInstanceRequestConcurrency":80,"availableCpu":"1"},"labels":{"deployment-tool":"cli-firebase","firebase-functions-hash":"4ff11d40683fb1daffe1c0d94e76a18385414d34"},"environment":"GEN_2"},"stages":[{"name":"ARTIFACT_REGISTRY","message":"Deleting function artifacts in Artifact Registry","state":"COMPLETE"},{"name":"SERVICE","message":"Deleting Cloud Run service","state":"COMPLETE","resource":"projects/push-fe07a/locations/us-central1/services/helloworldwork"}],"operationType":"CREATE_FUNCTION"},"done":true,"error":{"code":3,"message":"Build failed with status: FAILURE and message: npm error code EUSAGE\nnpm error\nnpm error `npm ci` can only install packages when your package.json and package-lock.json or npm-shrinkwrap.json are in sync. Please update your lock file with `npm install` before continuing.\nnpm error\nnpm error Missing: jest@29.7.0 from lock file\nnpm error Missing: @jest/core@29.7.0 from lock file\nnpm error Missing: @jest/types@29.6.3 from lock file\nnpm error Missing: import-local@3.2.0 from lock file\nnpm error Missing: jest-cli@29.7.0 from lock file\nnpm error Missing: @jest/console@29.7.0 from lock file\nnpm error Missing: @jest/reporters@29.7.0 from lock file\nnpm error Missing: @jest/test-result@29.7.0 from lock file\nnpm error Missing: @jest/transform@29.7.0 from lock file\nnpm error Missing: ansi-escapes@4.3.2 from lock file\nnpm error Missing: ci-info@3.9.0 from lock file\nnpm error Missing: exit@0.1.2 from lock file\nnpm error Missing: graceful-fs@4.2.11 from lock file\nnpm error Missing: jest-changed-files@29.7.0 from lock file\nnpm error Missing: jest-config@29.7.0 from lock file\nnpm error Missing: jest-haste-map@29.7.0 from lock file\nnpm error Missing: jest-message-util@29.7.0 from lock file\nnpm error Missing: jest-regex-util@29.6.3 from lock file\nnpm error Missing: jest-resolve@29.7.0 from lock file\nnpm error Missing: jest-resolve-dependencies@29.7.0 from lock file\nnpm error Missing: jest-runner@29.7.0 from lock file\nnpm error Missing: jest-runtime@29.7.0 from lock file\nnpm error Missing: jest-snapshot@29.7.0 from lock file\nnpm error Missing: jest-util@29.7.0 from lock file\nnpm error Missing: jest-validate@29.7.0 from lock file\nnpm error Missing: jest-watcher@29.7.0 from lock file\nnpm error Missing: pretty-format@29.7.0 from lock file\nnpm error Missing: @bcoe/v8-coverage@0.2.3 from lock file\nnpm error Missing: @jridgewell/trace-mapping@0.3.25 from lock file\nnpm error Missing: collect-v8-coverage@1.0.2 from lock file\nnpm error Missing: istanbul-lib-coverage@3.2.2 from lock file\nnpm error Missing: istanbul-lib-instrument@6.0.3 from lock file\nnpm error Missing: istanbul-lib-report@3.0.1 from lock file\nnpm error Missing: istanbul-lib-source-maps@4.0.1 from lock file\nnpm error Missing: istanbul-reports@3.1.7 from lock file\nnpm error Missing: jest-worker@29.7.0 from lock file\nnpm error Missing: string-length@4.0.2 from lock file\nnpm error Missing: v8-to-istanbul@9.3.0 from lock file\nnpm error Missing: @types/istanbul-lib-coverage@2.0.6 from lock file\nnpm error Missing: @babel/core@7.25.2 from lock file\nnpm error Missing: babel-plugin-istanbul@6.1.1 from lock file\nnpm error Missing: convert-source-map@2.0.0 from lock file\nnpm error Missing: pirates@4.0.6 from lock file\nnpm error Missing: write-file-atomic@4.0.2 from lock file\nnpm error Missing: @ampproject/remapping@2.3.0 from lock file\nnpm error Missing: @babel/code-frame@7.24.7 from lock file\nnpm error Missing: @babel/generator@7.25.5 from lock file\nnpm error Missing: @babel/helper-compilation-targets@7.25.2 from lock file\nnpm error Missing: @babel/helper-module-transforms@7.25.2 from lock file\nnpm error Missing: @babel/helpers@7.25.0 from lock file\nnpm error Missing: @babel/parser@7.25.4 from lock file\nnpm error Missing: @babel/template@7.25.0 from lock file\nnpm error Missing: @babel/traverse@7.25.4 from lock file\nnpm error Missing: @babel/types@7.25.4 from lock file\nnpm error Missing: gensync@1.0.0-beta.2 from lock file\nnpm error Missing: json5@2.2.3 from lock file\nnpm error Missing: semver@6.3.1 from lock file\nnpm error Missing: @jridgewell/gen-mapping@0.3.5 from lock file\nnpm error Missing: @babel/highlight@7.24.7 from lock file\nnpm error Missing: picocolors@1.0.1 from lock file\nnpm error Missing: jsesc@2.5.2 from lock file\nnpm error Missing: @babel/compat-data@7.25.4 from lock file\nnpm error Missing: @babel/helper-validator-option@7.24.8 from lock file\nnpm error Missing: browserslist@4.23.3 from lock file\nnpm error Missing: lru-cache@5.1.1 from lock file\nnpm error Missing: semver@6.3.1 from lock file\nnpm error Missing: @babel/helper-module-imports@7.24.7 from lock file\nnpm error Missing: @babel/helper-simple-access@7.24.7 from lock file\nnpm error Missing: @babel/helper-validator-identifier@7.24.7 from lock file\nnpm error Missing: chalk@2.4.2 from lock file\nnpm error Missing: js-tokens@4.0.0 from lock file\nnpm error Missing: globals@11.12.0 from lock file\nnpm error Missing: @babel/helper-string-parser@7.24.8 from lock file\nnpm error Missing: to-fast-properties@2.0.0 from lock file\nnpm error Missing: @jest/schemas@29.6.3 from lock file\nnpm error Missing: @types/istanbul-reports@3.0.4 from lock file\nnpm error Missing: @types/yargs@17.0.33 from lock file\nnpm error Missing: @sinclair/typebox@0.27.8 from lock file\nnpm error Missing: @jridgewell/set-array@1.2.1 from lock file\nnpm error Missing: @jridgewell/sourcemap-codec@1.5.0 from lock file\nnpm error Missing: @jridgewell/resolve-uri@3.1.2 from lock file\nnpm error Missing: @types/istanbul-lib-report@3.0.3 from lock file\nnpm error Missing: @types/yargs-parser@21.0.3 from lock file\nnpm error Missing: type-fest@0.21.3 from lock file\nnpm error Missing: @babel/helper-plugin-utils@7.24.8 from lock file\nnpm error Missing: @istanbuljs/load-nyc-config@1.1.0 from lock file\nnpm error Missing: @istanbuljs/schema@0.1.3 from lock file\nnpm error Missing: istanbul-lib-instrument@5.2.1 from lock file\nnpm error Missing: test-exclude@6.0.0 from lock file\nnpm error Missing: camelcase@5.3.1 from lock file\nnpm error Missing: find-up@4.1.0 from lock file\nnpm error Missing: get-package-type@0.1.0 from lock file\nnpm error Missing: js-yaml@3.14.1 from lock file\nnpm error Missing: resolve-from@5.0.0 from lock file\nnpm error Missing: caniuse-lite@1.0.30001653 from lock file\nnpm error Missing: electron-to-chromium@1.5.13 from lock file\nnpm error Missing: node-releases@2.0.18 from lock file\nnpm error Missing: update-browserslist-db@1.1.0 from lock file\nnpm error Missing: pkg-dir@4.2.0 from lock file\nnpm error Missing: resolve-cwd@3.0.0 from lock file\nnpm error Missing: make-dir@4.0.0 from lock file\nnpm error Missing: source-map@0.6.1 from lock file\nnpm error Missing: html-escaper@2.0.2 from lock file\nnpm error Missing: execa@5.1.1 from lock file\nnpm error Missing: get-stream@6.0.1 from lock file\nnpm error Missing: human-signals@2.1.0 from lock file\nnpm error Missing: merge-stream@2.0.0 from lock file\nnpm error Missing: npm-run-path@4.0.1 from lock file\nnpm error Missing: onetime@5.1.2 from lock file\nnpm error Missing: signal-exit@3.0.7 from lock file\nnpm error Missing: strip-final-newline@2.0.0 from lock file\nnpm error Missing: create-jest@29.7.0 from lock file\nnpm error Missing: prompts@2.4.2 from lock file\nnpm error Missing: @jest/test-sequencer@29.7.0 from lock file\nnpm error Missing: babel-jest@29.7.0 from lock file\nnpm error Missing: deepmerge@4.3.1 from lock file\nnpm error Missing: jest-circus@29.7.0 from lock file\nnpm error Missing: jest-environment-node@29.7.0 from lock file\nnpm error Missing: jest-get-type@29.6.3 from lock file\nnpm error Missing: parse-json@5.2.0 from lock file\nnpm error Missing: @types/babel__core@7.20.5 from lock file\nnpm error Missing: babel-preset-jest@29.6.3 from lock file\nnpm error Missing: @types/babel__generator@7.6.8 from lock file\nnpm error Missing: @types/babel__template@7.4.4 from lock file\nnpm error Missing: @types/babel__traverse@7.20.6 from lock file\nnpm error Missing: babel-plugin-jest-hoist@29.6.3 from lock file\nnpm error Missing: babel-preset-current-node-syntax@1.1.0 from lock file\nnpm error Missing: @babel/plugin-syntax-async-generators@7.8.4 from lock file\nnpm error Missing: @babel/plugin-syntax-bigint@7.8.3 from lock file\nnpm error Missing: @babel/plugin-syntax-class-properties@7.12.13 from lock file\nnpm error Missing: @babel/plugin-syntax-class-static-block@7.14.5 from lock file\nnpm error Missing: @babel/plugin-syntax-import-attributes@7.24.7 from lock file\nnpm error Missing: @babel/plugin-syntax-import-meta@7.10.4 from lock file\nnpm error Missing: @babel/plugin-syntax-json-strings@7.8.3 from lock file\nnpm error Missing: @babel/plugin-syntax-logical-assignment-operators@7.10.4 from lock file\nnpm error Missing: @babel/plugin-syntax-nullish-coalescing-operator@7.8.3 from lock file\nnpm error Missing: @babel/plugin-syntax-numeric-separator@7.10.4 from lock file\nnpm error Missing: @babel/plugin-syntax-object-rest-spread@7.8.3 from lock file\nnpm error Missing: @babel/plugin-syntax-optional-catch-binding@7.8.3 from lock file\nnpm error Missing: @babel/plugin-syntax-optional-chaining@7.8.3 from lock file\nnpm error Missing: @babel/plugin-syntax-private-property-in-object@7.14.5 from lock file\nnpm error Missing: @babel/plugin-syntax-top-level-await@7.14.5 from lock file\nnpm error Missing: @jest/environment@29.7.0 from lock file\nnpm error Missing: @jest/expect@29.7.0 from lock file\nnpm error Missing: co@4.6.0 from lock file\nnpm error Missing: dedent@1.5.3 from lock file\nnpm error Missing: is-generator-fn@2.1.0 from lock file\nnpm error Missing: jest-each@29.7.0 from lock file\nnpm error Missing: jest-matcher-utils@29.7.0 from lock file\nnpm error Missing: pure-rand@6.1.0 from lock file\nnpm error Missing: stack-utils@2.0.6 from lock file\nnpm error Missing: @jest/fake-timers@29.7.0 from lock file\nnpm error Missing: jest-mock@29.7.0 from lock file\nnpm error Missing: expect@29.7.0 from lock file\nnpm error Missing: @sinonjs/fake-timers@10.3.0 from lock file\nnpm error Missing: @sinonjs/commons@3.0.1 from lock file\nnpm error Missing: type-detect@4.0.8 from lock file\nnpm error Missing: @jest/expect-utils@29.7.0 from lock file\nnpm error Missing: @types/graceful-fs@4.1.9 from lock file\nnpm error Missing: anymatch@3.1.3 from lock file\nnpm error Missing: fb-watchman@2.0.2 from lock file\nnpm error Missing: fsevents@2.3.3 from lock file\nnpm error Missing: walker@1.0.8 from lock file\nnpm error Missing: normalize-path@3.0.0 from lock file\nnpm error Missing: bser@2.1.1 from lock file\nnpm error Missing: node-int64@0.4.0 from lock file\nnpm error Missing: jest-diff@29.7.0 from lock file\nnpm error Missing: diff-sequences@29.6.3 from lock file\nnpm error Missing: @types/stack-utils@2.0.3 from lock file\nnpm error Missing: jest-pnp-resolver@1.2.3 from lock file\nnpm error Missing: resolve.exports@2.0.2 from lock file\nnpm error Missing: emittery@0.13.1 from lock file\nnpm error Missing: jest-docblock@29.7.0 from lock file\nnpm error Missing: jest-leak-detector@29.7.0 from lock file\nnpm error Missing: source-map-support@0.5.13 from lock file\nnpm error Missing: detect-newline@3.1.0 from lock file\nnpm error Missing: @jest/globals@29.7.0 from lock file\nnpm error Missing: @jest/source-map@29.6.3 from lock file\nnpm error Missing: cjs-module-lexer@1.4.0 from lock file\nnpm error Missing: strip-bom@4.0.0 from lock file\nnpm error Missing: @babel/plugin-syntax-jsx@7.24.7 from lock file\nnpm error Missing: @babel/plugin-syntax-typescript@7.25.4 from lock file\nnpm error Missing: camelcase@6.3.0 from lock file\nnpm error Missing: leven@3.1.0 from lock file\nnpm error Missing: supports-color@8.1.1 from lock file\nnpm error Missing: mimic-fn@2.1.0 from lock file\nnpm error Missing: error-ex@1.3.2 from lock file\nnpm error Missing: json-parse-even-better-errors@2.3.1 from lock file\nnpm error Missing: lines-and-columns@1.2.4 from lock file\nnpm error Missing: is-arrayish@0.2.1 from lock file\nnpm error Missing: find-up@4.1.0 from lock file\nnpm error Missing: ansi-styles@5.2.0 from lock file\nnpm error Missing: react-is@18.3.1 from lock file\nnpm error Missing: kleur@3.0.3 from lock file\nnpm error Missing: sisteransi@1.0.5 from lock file\nnpm error Missing: resolve-from@5.0.0 from lock file\nnpm error Missing: buffer-from@1.1.2 from lock file\nnpm error Missing: escape-string-regexp@2.0.0 from lock file\nnpm error Missing: char-regex@1.0.2 from lock file\nnpm error Missing: makeerror@1.0.12 from lock file\nnpm error Missing: tmpl@1.0.5 from lock file\nnpm error Missing: yallist@3.1.1 from lock file\nnpm error Missing: ansi-styles@3.2.1 from lock file\nnpm error Missing: escape-string-regexp@1.0.5 from lock file\nnpm error Missing: supports-color@5.5.0 from lock file\nnpm error Missing: color-convert@1.9.3 from lock file\nnpm error Missing: color-name@1.1.3 from lock file\nnpm error Missing: has-flag@3.0.0 from lock file\nnpm error Missing: locate-path@5.0.0 from lock file\nnpm error Missing: argparse@1.0.10 from lock file\nnpm error Missing: esprima@4.0.1 from lock file\nnpm error Missing: sprintf-js@1.0.3 from lock file\nnpm error Missing: p-locate@4.1.0 from lock file\nnpm error Missing: p-limit@2.3.0 from lock file\nnpm error Missing: p-try@2.2.0 from lock file\nnpm error Missing: semver@6.3.1 from lock file\nnpm error Missing: locate-path@5.0.0 from lock file\nnpm error Missing: p-locate@4.1.0 from lock file\nnpm error Missing: p-limit@2.3.0 from lock file\nnpm error\nnpm error Clean install a project\nnpm error\nnpm error Usage:\nnpm error npm ci\nnpm error\nnpm error Options:\nnpm error [--install-strategy <hoisted|nested|shallow|linked>] [--legacy-bundling]\nnpm error [--global-style] [--omit <dev|optional|peer> [--omit <dev|optional|peer> ...]]\nnpm error [--include <prod|dev|optional|peer> [--include <prod|dev|optional|peer> ...]]\nnpm error [--strict-peer-deps] [--foreground-scripts] [--ignore-scripts] [--no-audit]\nnpm error [--no-bin-links] [--no-fund] [--dry-run]\nnpm error [-w|--workspace <workspace-name> [-w|--workspace <workspace-name> ...]]\nnpm error [-ws|--workspaces] [--include-workspace-root] [--install-links]\nnpm error\nnpm error aliases: clean-install, ic, install-clean, isntall-clean\nnpm error\nnpm error Run \"npm help ci\" for more info\n\nnpm error A complete log of this run can be found in: /www-data-home/.npm/_logs/2024-08-27T23_36_42_014Z-debug-0.log. For more details see the logs at https://console.cloud.google.com/cloud-build/builds;region=us-central1/57d4bfbb-6291-4673-8db4-6bf392f07093?project=512192655271."}}
[debug] [2024-08-27T23:37:23.405Z] Got source token undefined for region us-central1
[error] Build failed with status: FAILURE and message: npm error code EUSAGE
npm error
npm error `npm ci` can only install packages when your package.json and package-lock.json or npm-shrinkwrap.json are in sync. Please update your lock file with `npm install` before continuing.
npm error
npm error Missing: jest@29.7.0 from lock file
npm error Missing: @jest/core@29.7.0 from lock file
npm error Missing: @jest/types@29.6.3 from lock file
npm error Missing: import-local@3.2.0 from lock file
npm error Missing: jest-cli@29.7.0 from lock file
npm error Missing: @jest/console@29.7.0 from lock file
npm error Missing: @jest/reporters@29.7.0 from lock file
npm error Missing: @jest/test-result@29.7.0 from lock file
npm error Missing: @jest/transform@29.7.0 from lock file
npm error Missing: ansi-escapes@4.3.2 from lock file
npm error Missing: ci-info@3.9.0 from lock file
npm error Missing: exit@0.1.2 from lock file
npm error Missing: graceful-fs@4.2.11 from lock file
npm error Missing: jest-changed-files@29.7.0 from lock file
npm error Missing: jest-config@29.7.0 from lock file
npm error Missing: jest-haste-map@29.7.0 from lock file
npm error Missing: jest-message-util@29.7.0 from lock file
npm error Missing: jest-regex-util@29.6.3 from lock file
npm error Missing: jest-resolve@29.7.0 from lock file
npm error Missing: jest-resolve-dependencies@29.7.0 from lock file
npm error Missing: jest-runner@29.7.0 from lock file
npm error Missing: jest-runtime@29.7.0 from lock file
npm error Missing: jest-snapshot@29.7.0 from lock file
npm error Missing: jest-util@29.7.0 from lock file
npm error Missing: jest-validate@29.7.0 from lock file
npm error Missing: jest-watcher@29.7.0 from lock file
npm error Missing: pretty-format@29.7.0 from lock file
npm error Missing: @bcoe/v8-coverage@0.2.3 from lock file
npm error Missing: @jridgewell/trace-mapping@0.3.25 from lock file
npm error Missing: collect-v8-coverage@1.0.2 from lock file
npm error Missing: istanbul-lib-coverage@3.2.2 from lock file
npm error Missing: istanbul-lib-instrument@6.0.3 from lock file
npm error Missing: istanbul-lib-report@3.0.1 from lock file
npm error Missing: istanbul-lib-source-maps@4.0.1 from lock file
npm error Missing: istanbul-reports@3.1.7 from lock file
npm error Missing: jest-worker@29.7.0 from lock file
npm error Missing: string-length@4.0.2 from lock file
npm error Missing: v8-to-istanbul@9.3.0 from lock file
npm error Missing: @types/istanbul-lib-coverage@2.0.6 from lock file
npm error Missing: @babel/core@7.25.2 from lock file
npm error Missing: babel-plugin-istanbul@6.1.1 from lock file
npm error Missing: convert-source-map@2.0.0 from lock file
npm error Missing: pirates@4.0.6 from lock file
npm error Missing: write-file-atomic@4.0.2 from lock file
npm error Missing: @ampproject/remapping@2.3.0 from lock file
npm error Missing: @babel/code-frame@7.24.7 from lock file
npm error Missing: @babel/generator@7.25.5 from lock file
npm error Missing: @babel/helper-compilation-targets@7.25.2 from lock file
npm error Missing: @babel/helper-module-transforms@7.25.2 from lock file
npm error Missing: @babel/helpers@7.25.0 from lock file
npm error Missing: @babel/parser@7.25.4 from lock file
npm error Missing: @babel/template@7.25.0 from lock file
npm error Missing: @babel/traverse@7.25.4 from lock file
npm error Missing: @babel/types@7.25.4 from lock file
npm error Missing: gensync@1.0.0-beta.2 from lock file
npm error Missing: json5@2.2.3 from lock file
npm error Missing: semver@6.3.1 from lock file
npm error Missing: @jridgewell/gen-mapping@0.3.5 from lock file
npm error Missing: @babel/highlight@7.24.7 from lock file
npm error Missing: picocolors@1.0.1 from lock file
npm error Missing: jsesc@2.5.2 from lock file
npm error Missing: @babel/compat-data@7.25.4 from lock file
npm error Missing: @babel/helper-validator-option@7.24.8 from lock file
npm error Missing: browserslist@4.23.3 from lock file
npm error Missing: lru-cache@5.1.1 from lock file
npm error Missing: semver@6.3.1 from lock file
npm error Missing: @babel/helper-module-imports@7.24.7 from lock file
npm error Missing: @babel/helper-simple-access@7.24.7 from lock file
npm error Missing: @babel/helper-validator-identifier@7.24.7 from lock file
npm error Missing: chalk@2.4.2 from lock file
npm error Missing: js-tokens@4.0.0 from lock file
npm error Missing: globals@11.12.0 from lock file
npm error Missing: @babel/helper-string-parser@7.24.8 from lock file
npm error Missing: to-fast-properties@2.0.0 from lock file
npm error Missing: @jest/schemas@29.6.3 from lock file
npm error Missing: @types/istanbul-reports@3.0.4 from lock file
npm error Missing: @types/yargs@17.0.33 from lock file
npm error Missing: @sinclair/typebox@0.27.8 from lock file
npm error Missing: @jridgewell/set-array@1.2.1 from lock file
npm error Missing: @jridgewell/sourcemap-codec@1.5.0 from lock file
npm error Missing: @jridgewell/resolve-uri@3.1.2 from lock file
npm error Missing: @types/istanbul-lib-report@3.0.3 from lock file
npm error Missing: @types/yargs-parser@21.0.3 from lock file
npm error Missing: type-fest@0.21.3 from lock file
npm error Missing: @babel/helper-plugin-utils@7.24.8 from lock file
npm error Missing: @istanbuljs/load-nyc-config@1.1.0 from lock file
npm error Missing: @istanbuljs/schema@0.1.3 from lock file
npm error Missing: istanbul-lib-instrument@5.2.1 from lock file
npm error Missing: test-exclude@6.0.0 from lock file
npm error Missing: camelcase@5.3.1 from lock file
npm error Missing: find-up@4.1.0 from lock file
npm error Missing: get-package-type@0.1.0 from lock file
npm error Missing: js-yaml@3.14.1 from lock file
npm error Missing: resolve-from@5.0.0 from lock file
npm error Missing: caniuse-lite@1.0.30001653 from lock file
npm error Missing: electron-to-chromium@1.5.13 from lock file
npm error Missing: node-releases@2.0.18 from lock file
npm error Missing: update-browserslist-db@1.1.0 from lock file
npm error Missing: pkg-dir@4.2.0 from lock file
npm error Missing: resolve-cwd@3.0.0 from lock file
npm error Missing: make-dir@4.0.0 from lock file
npm error Missing: source-map@0.6.1 from lock file
npm error Missing: html-escaper@2.0.2 from lock file
npm error Missing: execa@5.1.1 from lock file
npm error Missing: get-stream@6.0.1 from lock file
npm error Missing: human-signals@2.1.0 from lock file
npm error Missing: merge-stream@2.0.0 from lock file
npm error Missing: npm-run-path@4.0.1 from lock file
npm error Missing: onetime@5.1.2 from lock file
npm error Missing: signal-exit@3.0.7 from lock file
npm error Missing: strip-final-newline@2.0.0 from lock file
npm error Missing: create-jest@29.7.0 from lock file
npm error Missing: prompts@2.4.2 from lock file
npm error Missing: @jest/test-sequencer@29.7.0 from lock file
npm error Missing: babel-jest@29.7.0 from lock file
npm error Missing: deepmerge@4.3.1 from lock file
npm error Missing: jest-circus@29.7.0 from lock file
npm error Missing: jest-environment-node@29.7.0 from lock file
npm error Missing: jest-get-type@29.6.3 from lock file
npm error Missing: parse-json@5.2.0 from lock file
npm error Missing: @types/babel__core@7.20.5 from lock file
npm error Missing: babel-preset-jest@29.6.3 from lock file
npm error Missing: @types/babel__generator@7.6.8 from lock file
npm error Missing: @types/babel__template@7.4.4 from lock file
npm error Missing: @types/babel__traverse@7.20.6 from lock file
npm error Missing: babel-plugin-jest-hoist@29.6.3 from lock file
npm error Missing: babel-preset-current-node-syntax@1.1.0 from lock file
npm error Missing: @babel/plugin-syntax-async-generators@7.8.4 from lock file
npm error Missing: @babel/plugin-syntax-bigint@7.8.3 from lock file
npm error Missing: @babel/plugin-syntax-class-properties@7.12.13 from lock file
npm error Missing: @babel/plugin-syntax-class-static-block@7.14.5 from lock file
npm error Missing: @babel/plugin-syntax-import-attributes@7.24.7 from lock file
npm error Missing: @babel/plugin-syntax-import-meta@7.10.4 from lock file
npm error Missing: @babel/plugin-syntax-json-strings@7.8.3 from lock file
npm error Missing: @babel/plugin-syntax-logical-assignment-operators@7.10.4 from lock file
npm error Missing: @babel/plugin-syntax-nullish-coalescing-operator@7.8.3 from lock file
npm error Missing: @babel/plugin-syntax-numeric-separator@7.10.4 from lock file
npm error Missing: @babel/plugin-syntax-object-rest-spread@7.8.3 from lock file
npm error Missing: @babel/plugin-syntax-optional-catch-binding@7.8.3 from lock file
npm error Missing: @babel/plugin-syntax-optional-chaining@7.8.3 from lock file
npm error Missing: @babel/plugin-syntax-private-property-in-object@7.14.5 from lock file
npm error Missing: @babel/plugin-syntax-top-level-await@7.14.5 from lock file
npm error Missing: @jest/environment@29.7.0 from lock file
npm error Missing: @jest/expect@29.7.0 from lock file
npm error Missing: co@4.6.0 from lock file
npm error Missing: dedent@1.5.3 from lock file
npm error Missing: is-generator-fn@2.1.0 from lock file
npm error Missing: jest-each@29.7.0 from lock file
npm error Missing: jest-matcher-utils@29.7.0 from lock file
npm error Missing: pure-rand@6.1.0 from lock file
npm error Missing: stack-utils@2.0.6 from lock file
npm error Missing: @jest/fake-timers@29.7.0 from lock file
npm error Missing: jest-mock@29.7.0 from lock file
npm error Missing: expect@29.7.0 from lock file
npm error Missing: @sinonjs/fake-timers@10.3.0 from lock file
npm error Missing: @sinonjs/commons@3.0.1 from lock file
npm error Missing: type-detect@4.0.8 from lock file
npm error Missing: @jest/expect-utils@29.7.0 from lock file
npm error Missing: @types/graceful-fs@4.1.9 from lock file
npm error Missing: anymatch@3.1.3 from lock file
npm error Missing: fb-watchman@2.0.2 from lock file
npm error Missing: fsevents@2.3.3 from lock file
npm error Missing: walker@1.0.8 from lock file
npm error Missing: normalize-path@3.0.0 from lock file
npm error Missing: bser@2.1.1 from lock file
npm error Missing: node-int64@0.4.0 from lock file
npm error Missing: jest-diff@29.7.0 from lock file
npm error Missing: diff-sequences@29.6.3 from lock file
npm error Missing: @types/stack-utils@2.0.3 from lock file
npm error Missing: jest-pnp-resolver@1.2.3 from lock file
npm error Missing: resolve.exports@2.0.2 from lock file
npm error Missing: emittery@0.13.1 from lock file
npm error Missing: jest-docblock@29.7.0 from lock file
npm error Missing: jest-leak-detector@29.7.0 from lock file
npm error Missing: source-map-support@0.5.13 from lock file
npm error Missing: detect-newline@3.1.0 from lock file
npm error Missing: @jest/globals@29.7.0 from lock file
npm error Missing: @jest/source-map@29.6.3 from lock file
npm error Missing: cjs-module-lexer@1.4.0 from lock file
npm error Missing: strip-bom@4.0.0 from lock file
npm error Missing: @babel/plugin-syntax-jsx@7.24.7 from lock file
npm error Missing: @babel/plugin-syntax-typescript@7.25.4 from lock file
npm error Missing: camelcase@6.3.0 from lock file
npm error Missing: leven@3.1.0 from lock file
npm error Missing: supports-color@8.1.1 from lock file
npm error Missing: mimic-fn@2.1.0 from lock file
npm error Missing: error-ex@1.3.2 from lock file
npm error Missing: json-parse-even-better-errors@2.3.1 from lock file
npm error Missing: lines-and-columns@1.2.4 from lock file
npm error Missing: is-arrayish@0.2.1 from lock file
npm error Missing: find-up@4.1.0 from lock file
npm error Missing: ansi-styles@5.2.0 from lock file
npm error Missing: react-is@18.3.1 from lock file
npm error Missing: kleur@3.0.3 from lock file
npm error Missing: sisteransi@1.0.5 from lock file
npm error Missing: resolve-from@5.0.0 from lock file
npm error Missing: buffer-from@1.1.2 from lock file
npm error Missing: escape-string-regexp@2.0.0 from lock file
npm error Missing: char-regex@1.0.2 from lock file
npm error Missing: makeerror@1.0.12 from lock file
npm error Missing: tmpl@1.0.5 from lock file
npm error Missing: yallist@3.1.1 from lock file
npm error Missing: ansi-styles@3.2.1 from lock file
npm error Missing: escape-string-regexp@1.0.5 from lock file
npm error Missing: supports-color@5.5.0 from lock file
npm error Missing: color-convert@1.9.3 from lock file
npm error Missing: color-name@1.1.3 from lock file
npm error Missing: has-flag@3.0.0 from lock file
npm error Missing: locate-path@5.0.0 from lock file
npm error Missing: argparse@1.0.10 from lock file
npm error Missing: esprima@4.0.1 from lock file
npm error Missing: sprintf-js@1.0.3 from lock file
npm error Missing: p-locate@4.1.0 from lock file
npm error Missing: p-limit@2.3.0 from lock file
npm error Missing: p-try@2.2.0 from lock file
npm error Missing: semver@6.3.1 from lock file
npm error Missing: locate-path@5.0.0 from lock file
npm error Missing: p-locate@4.1.0 from lock file
npm error Missing: p-limit@2.3.0 from lock file
npm error
npm error Clean install a project
npm error
npm error Usage:
npm error npm ci
npm error
npm error Options:
npm error [--install-strategy <hoisted|nested|shallow|linked>] [--legacy-bundling]
npm error [--global-style] [--omit <dev|optional|peer> [--omit <dev|optional|peer> ...]]
npm error [--include <prod|dev|optional|peer> [--include <prod|dev|optional|peer> ...]]
npm error [--strict-peer-deps] [--foreground-scripts] [--ignore-scripts] [--no-audit]
npm error [--no-bin-links] [--no-fund] [--dry-run]
npm error [-w|--workspace <workspace-name> [-w|--workspace <workspace-name> ...]]
npm error [-ws|--workspaces] [--include-workspace-root] [--install-links]
npm error
npm error aliases: clean-install, ic, install-clean, isntall-clean
npm error
npm error Run "npm help ci" for more info

npm error A complete log of this run can be found in: /www-data-home/.npm/_logs/2024-08-27T23_36_42_014Z-debug-0.log. For more details see the logs at https://console.cloud.google.com/cloud-build/builds;region=us-central1/57d4bfbb-6291-4673-8db4-6bf392f07093?project=512192655271.
[debug] [2024-08-27T23:37:23.432Z] Total Function Deployment time: 59929
[debug] [2024-08-27T23:37:23.432Z] 1 Functions Deployed
[debug] [2024-08-27T23:37:23.432Z] 1 Functions Errored
[debug] [2024-08-27T23:37:23.432Z] 0 Function Deployments Aborted
[debug] [2024-08-27T23:37:23.432Z] Average Function Deployment time: 59928
[info] 
[info] Functions deploy had errors with the following functions:
	helloWorldWork(us-central1)
[debug] [2024-08-27T23:37:23.611Z] Not printing URL for HTTPS function. Typically this means it didn't match a filter or we failed deployment
[info] i  functions: cleaning up build files... 
[debug] [2024-08-27T23:37:23.614Z] >>> [apiv2][query] DELETE https://artifactregistry.googleapis.com/v1beta2/projects/push-fe07a/locations/us-central1/repositories/gcf-artifacts/packages/hello_world_work [none]
[debug] [2024-08-27T23:37:23.616Z] >>> [apiv2][query] GET https://us.gcr.io/v2/push-fe07a/gcf/us-central1/tags/list [none]
[debug] [2024-08-27T23:37:23.856Z] <<< [apiv2][status] GET https://us.gcr.io/v2/push-fe07a/gcf/us-central1/tags/list 404
[debug] [2024-08-27T23:37:23.856Z] <<< [apiv2][body] GET https://us.gcr.io/v2/push-fe07a/gcf/us-central1/tags/list {"errors":[{"code":"NAME_UNKNOWN","message":"Repository \"us.gcr.io\" not found"}]}
[debug] [2024-08-27T23:37:23.857Z] Failed docker command with error  HTTP Error: 404, Not Found {"name":"FirebaseError","children":[],"context":{"body":{"errors":[{"code":"NAME_UNKNOWN","message":"Repository \"us.gcr.io\" not found"}],"error":{"message":"Not Found"}},"response":{"statusCode":404}},"exit":1,"message":"HTTP Error: 404, Not Found","status":404}
[debug] [2024-08-27T23:37:23.860Z] >>> [apiv2][query] GET https://us.gcr.io/v2/push-fe07a/gcf/us-central1/tags/list [none]
[debug] [2024-08-27T23:37:23.989Z] <<< [apiv2][status] DELETE https://artifactregistry.googleapis.com/v1beta2/projects/push-fe07a/locations/us-central1/repositories/gcf-artifacts/packages/hello_world_work 404
[debug] [2024-08-27T23:37:23.989Z] <<< [apiv2][body] DELETE https://artifactregistry.googleapis.com/v1beta2/projects/push-fe07a/locations/us-central1/repositories/gcf-artifacts/packages/hello_world_work {"error":{"code":404,"message":"Package \"projects/push-fe07a/locations/us-central1/repositories/gcf-artifacts/packages/hello_world_work\" was not found.","status":"NOT_FOUND"}}
[debug] [2024-08-27T23:37:24.104Z] <<< [apiv2][status] GET https://us.gcr.io/v2/push-fe07a/gcf/us-central1/tags/list 404
[debug] [2024-08-27T23:37:24.105Z] <<< [apiv2][body] GET https://us.gcr.io/v2/push-fe07a/gcf/us-central1/tags/list {"errors":[{"code":"NAME_UNKNOWN","message":"Repository \"us.gcr.io\" not found"}]}
[debug] [2024-08-27T23:37:24.105Z] Failed docker command with error  HTTP Error: 404, Not Found {"name":"FirebaseError","children":[],"context":{"body":{"errors":[{"code":"NAME_UNKNOWN","message":"Repository \"us.gcr.io\" not found"}],"error":{"message":"Not Found"}},"response":{"statusCode":404}},"exit":1,"message":"HTTP Error: 404, Not Found","status":404}
[debug] [2024-08-27T23:37:24.207Z] >>> [apiv2][query] GET https://us.gcr.io/v2/push-fe07a/gcf/us-central1/tags/list [none]
[debug] [2024-08-27T23:37:24.472Z] <<< [apiv2][status] GET https://us.gcr.io/v2/push-fe07a/gcf/us-central1/tags/list 404
[debug] [2024-08-27T23:37:24.472Z] <<< [apiv2][body] GET https://us.gcr.io/v2/push-fe07a/gcf/us-central1/tags/list {"errors":[{"code":"NAME_UNKNOWN","message":"Repository \"us.gcr.io\" not found"}]}
[debug] [2024-08-27T23:37:24.473Z] Failed docker command with error  HTTP Error: 404, Not Found {"name":"FirebaseError","children":[],"context":{"body":{"errors":[{"code":"NAME_UNKNOWN","message":"Repository \"us.gcr.io\" not found"}],"error":{"message":"Not Found"}},"response":{"statusCode":404}},"exit":1,"message":"HTTP Error: 404, Not Found","status":404}
[warn] ⚠  functions: Unhandled error cleaning up build images. This could result in a small monthly bill if not corrected. You can attempt to delete these images by redeploying or you can delete them manually at https://console.cloud.google.com/gcr/images/push-fe07a/us/gcf 
[debug] [2024-08-27T23:37:24.473Z] Functions deploy failed.
[debug] [2024-08-27T23:37:24.473Z] {
  "endpoint": {
    "id": "helloWorldWork",
    "project": "push-fe07a",
    "region": "us-central1",
    "entryPoint": "helloWorldWork",
    "platform": "gcfv2",
    "runtime": "nodejs18",
    "httpsTrigger": {},
    "labels": {
      "deployment-tool": "cli-firebase"
    },
    "ingressSettings": null,
    "availableMemoryMb": null,
    "serviceAccount": null,
    "timeoutSeconds": null,
    "maxInstances": null,
    "minInstances": null,
    "concurrency": 80,
    "vpc": null,
    "environmentVariables": {
      "FIREBASE_CONFIG": "{\"projectId\":\"push-fe07a\",\"storageBucket\":\"push-fe07a.appspot.com\"}",
      "GCLOUD_PROJECT": "push-fe07a",
      "EVENTARC_CLOUD_EVENT_SOURCE": "projects/push-fe07a/locations/us-central1/services/helloWorldWork"
    },
    "codebase": "default",
    "cpu": 1,
    "targetedByOnly": true,
    "hash": "4ff11d40683fb1daffe1c0d94e76a18385414d34"
  },
  "op": "create",
  "original": {
    "name": "FirebaseError",
    "children": [],
    "exit": 1,
    "message": "Build failed with status: FAILURE and message: npm error code EUSAGE\nnpm error\nnpm error `npm ci` can only install packages when your package.json and package-lock.json or npm-shrinkwrap.json are in sync. Please update your lock file with `npm install` before continuing.\nnpm error\nnpm error Missing: jest@29.7.0 from lock file\nnpm error Missing: @jest/core@29.7.0 from lock file\nnpm error Missing: @jest/types@29.6.3 from lock file\nnpm error Missing: import-local@3.2.0 from lock file\nnpm error Missing: jest-cli@29.7.0 from lock file\nnpm error Missing: @jest/console@29.7.0 from lock file\nnpm error Missing: @jest/reporters@29.7.0 from lock file\nnpm error Missing: @jest/test-result@29.7.0 from lock file\nnpm error Missing: @jest/transform@29.7.0 from lock file\nnpm error Missing: ansi-escapes@4.3.2 from lock file\nnpm error Missing: ci-info@3.9.0 from lock file\nnpm error Missing: exit@0.1.2 from lock file\nnpm error Missing: graceful-fs@4.2.11 from lock file\nnpm error Missing: jest-changed-files@29.7.0 from lock file\nnpm error Missing: jest-config@29.7.0 from lock file\nnpm error Missing: jest-haste-map@29.7.0 from lock file\nnpm error Missing: jest-message-util@29.7.0 from lock file\nnpm error Missing: jest-regex-util@29.6.3 from lock file\nnpm error Missing: jest-resolve@29.7.0 from lock file\nnpm error Missing: jest-resolve-dependencies@29.7.0 from lock file\nnpm error Missing: jest-runner@29.7.0 from lock file\nnpm error Missing: jest-runtime@29.7.0 from lock file\nnpm error Missing: jest-snapshot@29.7.0 from lock file\nnpm error Missing: jest-util@29.7.0 from lock file\nnpm error Missing: jest-validate@29.7.0 from lock file\nnpm error Missing: jest-watcher@29.7.0 from lock file\nnpm error Missing: pretty-format@29.7.0 from lock file\nnpm error Missing: @bcoe/v8-coverage@0.2.3 from lock file\nnpm error Missing: @jridgewell/trace-mapping@0.3.25 from lock file\nnpm error Missing: collect-v8-coverage@1.0.2 from lock file\nnpm error Missing: istanbul-lib-coverage@3.2.2 from lock file\nnpm error Missing: istanbul-lib-instrument@6.0.3 from lock file\nnpm error Missing: istanbul-lib-report@3.0.1 from lock file\nnpm error Missing: istanbul-lib-source-maps@4.0.1 from lock file\nnpm error Missing: istanbul-reports@3.1.7 from lock file\nnpm error Missing: jest-worker@29.7.0 from lock file\nnpm error Missing: string-length@4.0.2 from lock file\nnpm error Missing: v8-to-istanbul@9.3.0 from lock file\nnpm error Missing: @types/istanbul-lib-coverage@2.0.6 from lock file\nnpm error Missing: @babel/core@7.25.2 from lock file\nnpm error Missing: babel-plugin-istanbul@6.1.1 from lock file\nnpm error Missing: convert-source-map@2.0.0 from lock file\nnpm error Missing: pirates@4.0.6 from lock file\nnpm error Missing: write-file-atomic@4.0.2 from lock file\nnpm error Missing: @ampproject/remapping@2.3.0 from lock file\nnpm error Missing: @babel/code-frame@7.24.7 from lock file\nnpm error Missing: @babel/generator@7.25.5 from lock file\nnpm error Missing: @babel/helper-compilation-targets@7.25.2 from lock file\nnpm error Missing: @babel/helper-module-transforms@7.25.2 from lock file\nnpm error Missing: @babel/helpers@7.25.0 from lock file\nnpm error Missing: @babel/parser@7.25.4 from lock file\nnpm error Missing: @babel/template@7.25.0 from lock file\nnpm error Missing: @babel/traverse@7.25.4 from lock file\nnpm error Missing: @babel/types@7.25.4 from lock file\nnpm error Missing: gensync@1.0.0-beta.2 from lock file\nnpm error Missing: json5@2.2.3 from lock file\nnpm error Missing: semver@6.3.1 from lock file\nnpm error Missing: @jridgewell/gen-mapping@0.3.5 from lock file\nnpm error Missing: @babel/highlight@7.24.7 from lock file\nnpm error Missing: picocolors@1.0.1 from lock file\nnpm error Missing: jsesc@2.5.2 from lock file\nnpm error Missing: @babel/compat-data@7.25.4 from lock file\nnpm error Missing: @babel/helper-validator-option@7.24.8 from lock file\nnpm error Missing: browserslist@4.23.3 from lock file\nnpm error Missing: lru-cache@5.1.1 from lock file\nnpm error Missing: semver@6.3.1 from lock file\nnpm error Missing: @babel/helper-module-imports@7.24.7 from lock file\nnpm error Missing: @babel/helper-simple-access@7.24.7 from lock file\nnpm error Missing: @babel/helper-validator-identifier@7.24.7 from lock file\nnpm error Missing: chalk@2.4.2 from lock file\nnpm error Missing: js-tokens@4.0.0 from lock file\nnpm error Missing: globals@11.12.0 from lock file\nnpm error Missing: @babel/helper-string-parser@7.24.8 from lock file\nnpm error Missing: to-fast-properties@2.0.0 from lock file\nnpm error Missing: @jest/schemas@29.6.3 from lock file\nnpm error Missing: @types/istanbul-reports@3.0.4 from lock file\nnpm error Missing: @types/yargs@17.0.33 from lock file\nnpm error Missing: @sinclair/typebox@0.27.8 from lock file\nnpm error Missing: @jridgewell/set-array@1.2.1 from lock file\nnpm error Missing: @jridgewell/sourcemap-codec@1.5.0 from lock file\nnpm error Missing: @jridgewell/resolve-uri@3.1.2 from lock file\nnpm error Missing: @types/istanbul-lib-report@3.0.3 from lock file\nnpm error Missing: @types/yargs-parser@21.0.3 from lock file\nnpm error Missing: type-fest@0.21.3 from lock file\nnpm error Missing: @babel/helper-plugin-utils@7.24.8 from lock file\nnpm error Missing: @istanbuljs/load-nyc-config@1.1.0 from lock file\nnpm error Missing: @istanbuljs/schema@0.1.3 from lock file\nnpm error Missing: istanbul-lib-instrument@5.2.1 from lock file\nnpm error Missing: test-exclude@6.0.0 from lock file\nnpm error Missing: camelcase@5.3.1 from lock file\nnpm error Missing: find-up@4.1.0 from lock file\nnpm error Missing: get-package-type@0.1.0 from lock file\nnpm error Missing: js-yaml@3.14.1 from lock file\nnpm error Missing: resolve-from@5.0.0 from lock file\nnpm error Missing: caniuse-lite@1.0.30001653 from lock file\nnpm error Missing: electron-to-chromium@1.5.13 from lock file\nnpm error Missing: node-releases@2.0.18 from lock file\nnpm error Missing: update-browserslist-db@1.1.0 from lock file\nnpm error Missing: pkg-dir@4.2.0 from lock file\nnpm error Missing: resolve-cwd@3.0.0 from lock file\nnpm error Missing: make-dir@4.0.0 from lock file\nnpm error Missing: source-map@0.6.1 from lock file\nnpm error Missing: html-escaper@2.0.2 from lock file\nnpm error Missing: execa@5.1.1 from lock file\nnpm error Missing: get-stream@6.0.1 from lock file\nnpm error Missing: human-signals@2.1.0 from lock file\nnpm error Missing: merge-stream@2.0.0 from lock file\nnpm error Missing: npm-run-path@4.0.1 from lock file\nnpm error Missing: onetime@5.1.2 from lock file\nnpm error Missing: signal-exit@3.0.7 from lock file\nnpm error Missing: strip-final-newline@2.0.0 from lock file\nnpm error Missing: create-jest@29.7.0 from lock file\nnpm error Missing: prompts@2.4.2 from lock file\nnpm error Missing: @jest/test-sequencer@29.7.0 from lock file\nnpm error Missing: babel-jest@29.7.0 from lock file\nnpm error Missing: deepmerge@4.3.1 from lock file\nnpm error Missing: jest-circus@29.7.0 from lock file\nnpm error Missing: jest-environment-node@29.7.0 from lock file\nnpm error Missing: jest-get-type@29.6.3 from lock file\nnpm error Missing: parse-json@5.2.0 from lock file\nnpm error Missing: @types/babel__core@7.20.5 from lock file\nnpm error Missing: babel-preset-jest@29.6.3 from lock file\nnpm error Missing: @types/babel__generator@7.6.8 from lock file\nnpm error Missing: @types/babel__template@7.4.4 from lock file\nnpm error Missing: @types/babel__traverse@7.20.6 from lock file\nnpm error Missing: babel-plugin-jest-hoist@29.6.3 from lock file\nnpm error Missing: babel-preset-current-node-syntax@1.1.0 from lock file\nnpm error Missing: @babel/plugin-syntax-async-generators@7.8.4 from lock file\nnpm error Missing: @babel/plugin-syntax-bigint@7.8.3 from lock file\nnpm error Missing: @babel/plugin-syntax-class-properties@7.12.13 from lock file\nnpm error Missing: @babel/plugin-syntax-class-static-block@7.14.5 from lock file\nnpm error Missing: @babel/plugin-syntax-import-attributes@7.24.7 from lock file\nnpm error Missing: @babel/plugin-syntax-import-meta@7.10.4 from lock file\nnpm error Missing: @babel/plugin-syntax-json-strings@7.8.3 from lock file\nnpm error Missing: @babel/plugin-syntax-logical-assignment-operators@7.10.4 from lock file\nnpm error Missing: @babel/plugin-syntax-nullish-coalescing-operator@7.8.3 from lock file\nnpm error Missing: @babel/plugin-syntax-numeric-separator@7.10.4 from lock file\nnpm error Missing: @babel/plugin-syntax-object-rest-spread@7.8.3 from lock file\nnpm error Missing: @babel/plugin-syntax-optional-catch-binding@7.8.3 from lock file\nnpm error Missing: @babel/plugin-syntax-optional-chaining@7.8.3 from lock file\nnpm error Missing: @babel/plugin-syntax-private-property-in-object@7.14.5 from lock file\nnpm error Missing: @babel/plugin-syntax-top-level-await@7.14.5 from lock file\nnpm error Missing: @jest/environment@29.7.0 from lock file\nnpm error Missing: @jest/expect@29.7.0 from lock file\nnpm error Missing: co@4.6.0 from lock file\nnpm error Missing: dedent@1.5.3 from lock file\nnpm error Missing: is-generator-fn@2.1.0 from lock file\nnpm error Missing: jest-each@29.7.0 from lock file\nnpm error Missing: jest-matcher-utils@29.7.0 from lock file\nnpm error Missing: pure-rand@6.1.0 from lock file\nnpm error Missing: stack-utils@2.0.6 from lock file\nnpm error Missing: @jest/fake-timers@29.7.0 from lock file\nnpm error Missing: jest-mock@29.7.0 from lock file\nnpm error Missing: expect@29.7.0 from lock file\nnpm error Missing: @sinonjs/fake-timers@10.3.0 from lock file\nnpm error Missing: @sinonjs/commons@3.0.1 from lock file\nnpm error Missing: type-detect@4.0.8 from lock file\nnpm error Missing: @jest/expect-utils@29.7.0 from lock file\nnpm error Missing: @types/graceful-fs@4.1.9 from lock file\nnpm error Missing: anymatch@3.1.3 from lock file\nnpm error Missing: fb-watchman@2.0.2 from lock file\nnpm error Missing: fsevents@2.3.3 from lock file\nnpm error Missing: walker@1.0.8 from lock file\nnpm error Missing: normalize-path@3.0.0 from lock file\nnpm error Missing: bser@2.1.1 from lock file\nnpm error Missing: node-int64@0.4.0 from lock file\nnpm error Missing: jest-diff@29.7.0 from lock file\nnpm error Missing: diff-sequences@29.6.3 from lock file\nnpm error Missing: @types/stack-utils@2.0.3 from lock file\nnpm error Missing: jest-pnp-resolver@1.2.3 from lock file\nnpm error Missing: resolve.exports@2.0.2 from lock file\nnpm error Missing: emittery@0.13.1 from lock file\nnpm error Missing: jest-docblock@29.7.0 from lock file\nnpm error Missing: jest-leak-detector@29.7.0 from lock file\nnpm error Missing: source-map-support@0.5.13 from lock file\nnpm error Missing: detect-newline@3.1.0 from lock file\nnpm error Missing: @jest/globals@29.7.0 from lock file\nnpm error Missing: @jest/source-map@29.6.3 from lock file\nnpm error Missing: cjs-module-lexer@1.4.0 from lock file\nnpm error Missing: strip-bom@4.0.0 from lock file\nnpm error Missing: @babel/plugin-syntax-jsx@7.24.7 from lock file\nnpm error Missing: @babel/plugin-syntax-typescript@7.25.4 from lock file\nnpm error Missing: camelcase@6.3.0 from lock file\nnpm error Missing: leven@3.1.0 from lock file\nnpm error Missing: supports-color@8.1.1 from lock file\nnpm error Missing: mimic-fn@2.1.0 from lock file\nnpm error Missing: error-ex@1.3.2 from lock file\nnpm error Missing: json-parse-even-better-errors@2.3.1 from lock file\nnpm error Missing: lines-and-columns@1.2.4 from lock file\nnpm error Missing: is-arrayish@0.2.1 from lock file\nnpm error Missing: find-up@4.1.0 from lock file\nnpm error Missing: ansi-styles@5.2.0 from lock file\nnpm error Missing: react-is@18.3.1 from lock file\nnpm error Missing: kleur@3.0.3 from lock file\nnpm error Missing: sisteransi@1.0.5 from lock file\nnpm error Missing: resolve-from@5.0.0 from lock file\nnpm error Missing: buffer-from@1.1.2 from lock file\nnpm error Missing: escape-string-regexp@2.0.0 from lock file\nnpm error Missing: char-regex@1.0.2 from lock file\nnpm error Missing: makeerror@1.0.12 from lock file\nnpm error Missing: tmpl@1.0.5 from lock file\nnpm error Missing: yallist@3.1.1 from lock file\nnpm error Missing: ansi-styles@3.2.1 from lock file\nnpm error Missing: escape-string-regexp@1.0.5 from lock file\nnpm error Missing: supports-color@5.5.0 from lock file\nnpm error Missing: color-convert@1.9.3 from lock file\nnpm error Missing: color-name@1.1.3 from lock file\nnpm error Missing: has-flag@3.0.0 from lock file\nnpm error Missing: locate-path@5.0.0 from lock file\nnpm error Missing: argparse@1.0.10 from lock file\nnpm error Missing: esprima@4.0.1 from lock file\nnpm error Missing: sprintf-js@1.0.3 from lock file\nnpm error Missing: p-locate@4.1.0 from lock file\nnpm error Missing: p-limit@2.3.0 from lock file\nnpm error Missing: p-try@2.2.0 from lock file\nnpm error Missing: semver@6.3.1 from lock file\nnpm error Missing: locate-path@5.0.0 from lock file\nnpm error Missing: p-locate@4.1.0 from lock file\nnpm error Missing: p-limit@2.3.0 from lock file\nnpm error\nnpm error Clean install a project\nnpm error\nnpm error Usage:\nnpm error npm ci\nnpm error\nnpm error Options:\nnpm error [--install-strategy <hoisted|nested|shallow|linked>] [--legacy-bundling]\nnpm error [--global-style] [--omit <dev|optional|peer> [--omit <dev|optional|peer> ...]]\nnpm error [--include <prod|dev|optional|peer> [--include <prod|dev|optional|peer> ...]]\nnpm error [--strict-peer-deps] [--foreground-scripts] [--ignore-scripts] [--no-audit]\nnpm error [--no-bin-links] [--no-fund] [--dry-run]\nnpm error [-w|--workspace <workspace-name> [-w|--workspace <workspace-name> ...]]\nnpm error [-ws|--workspaces] [--include-workspace-root] [--install-links]\nnpm error\nnpm error aliases: clean-install, ic, install-clean, isntall-clean\nnpm error\nnpm error Run \"npm help ci\" for more info\n\nnpm error A complete log of this run can be found in: /www-data-home/.npm/_logs/2024-08-27T23_36_42_014Z-debug-0.log. For more details see the logs at https://console.cloud.google.com/cloud-build/builds;region=us-central1/57d4bfbb-6291-4673-8db4-6bf392f07093?project=512192655271.",
    "original": {
      "code": 3,
      "message": "Build failed with status: FAILURE and message: npm error code EUSAGE\nnpm error\nnpm error `npm ci` can only install packages when your package.json and package-lock.json or npm-shrinkwrap.json are in sync. Please update your lock file with `npm install` before continuing.\nnpm error\nnpm error Missing: jest@29.7.0 from lock file\nnpm error Missing: @jest/core@29.7.0 from lock file\nnpm error Missing: @jest/types@29.6.3 from lock file\nnpm error Missing: import-local@3.2.0 from lock file\nnpm error Missing: jest-cli@29.7.0 from lock file\nnpm error Missing: @jest/console@29.7.0 from lock file\nnpm error Missing: @jest/reporters@29.7.0 from lock file\nnpm error Missing: @jest/test-result@29.7.0 from lock file\nnpm error Missing: @jest/transform@29.7.0 from lock file\nnpm error Missing: ansi-escapes@4.3.2 from lock file\nnpm error Missing: ci-info@3.9.0 from lock file\nnpm error Missing: exit@0.1.2 from lock file\nnpm error Missing: graceful-fs@4.2.11 from lock file\nnpm error Missing: jest-changed-files@29.7.0 from lock file\nnpm error Missing: jest-config@29.7.0 from lock file\nnpm error Missing: jest-haste-map@29.7.0 from lock file\nnpm error Missing: jest-message-util@29.7.0 from lock file\nnpm error Missing: jest-regex-util@29.6.3 from lock file\nnpm error Missing: jest-resolve@29.7.0 from lock file\nnpm error Missing: jest-resolve-dependencies@29.7.0 from lock file\nnpm error Missing: jest-runner@29.7.0 from lock file\nnpm error Missing: jest-runtime@29.7.0 from lock file\nnpm error Missing: jest-snapshot@29.7.0 from lock file\nnpm error Missing: jest-util@29.7.0 from lock file\nnpm error Missing: jest-validate@29.7.0 from lock file\nnpm error Missing: jest-watcher@29.7.0 from lock file\nnpm error Missing: pretty-format@29.7.0 from lock file\nnpm error Missing: @bcoe/v8-coverage@0.2.3 from lock file\nnpm error Missing: @jridgewell/trace-mapping@0.3.25 from lock file\nnpm error Missing: collect-v8-coverage@1.0.2 from lock file\nnpm error Missing: istanbul-lib-coverage@3.2.2 from lock file\nnpm error Missing: istanbul-lib-instrument@6.0.3 from lock file\nnpm error Missing: istanbul-lib-report@3.0.1 from lock file\nnpm error Missing: istanbul-lib-source-maps@4.0.1 from lock file\nnpm error Missing: istanbul-reports@3.1.7 from lock file\nnpm error Missing: jest-worker@29.7.0 from lock file\nnpm error Missing: string-length@4.0.2 from lock file\nnpm error Missing: v8-to-istanbul@9.3.0 from lock file\nnpm error Missing: @types/istanbul-lib-coverage@2.0.6 from lock file\nnpm error Missing: @babel/core@7.25.2 from lock file\nnpm error Missing: babel-plugin-istanbul@6.1.1 from lock file\nnpm error Missing: convert-source-map@2.0.0 from lock file\nnpm error Missing: pirates@4.0.6 from lock file\nnpm error Missing: write-file-atomic@4.0.2 from lock file\nnpm error Missing: @ampproject/remapping@2.3.0 from lock file\nnpm error Missing: @babel/code-frame@7.24.7 from lock file\nnpm error Missing: @babel/generator@7.25.5 from lock file\nnpm error Missing: @babel/helper-compilation-targets@7.25.2 from lock file\nnpm error Missing: @babel/helper-module-transforms@7.25.2 from lock file\nnpm error Missing: @babel/helpers@7.25.0 from lock file\nnpm error Missing: @babel/parser@7.25.4 from lock file\nnpm error Missing: @babel/template@7.25.0 from lock file\nnpm error Missing: @babel/traverse@7.25.4 from lock file\nnpm error Missing: @babel/types@7.25.4 from lock file\nnpm error Missing: gensync@1.0.0-beta.2 from lock file\nnpm error Missing: json5@2.2.3 from lock file\nnpm error Missing: semver@6.3.1 from lock file\nnpm error Missing: @jridgewell/gen-mapping@0.3.5 from lock file\nnpm error Missing: @babel/highlight@7.24.7 from lock file\nnpm error Missing: picocolors@1.0.1 from lock file\nnpm error Missing: jsesc@2.5.2 from lock file\nnpm error Missing: @babel/compat-data@7.25.4 from lock file\nnpm error Missing: @babel/helper-validator-option@7.24.8 from lock file\nnpm error Missing: browserslist@4.23.3 from lock file\nnpm error Missing: lru-cache@5.1.1 from lock file\nnpm error Missing: semver@6.3.1 from lock file\nnpm error Missing: @babel/helper-module-imports@7.24.7 from lock file\nnpm error Missing: @babel/helper-simple-access@7.24.7 from lock file\nnpm error Missing: @babel/helper-validator-identifier@7.24.7 from lock file\nnpm error Missing: chalk@2.4.2 from lock file\nnpm error Missing: js-tokens@4.0.0 from lock file\nnpm error Missing: globals@11.12.0 from lock file\nnpm error Missing: @babel/helper-string-parser@7.24.8 from lock file\nnpm error Missing: to-fast-properties@2.0.0 from lock file\nnpm error Missing: @jest/schemas@29.6.3 from lock file\nnpm error Missing: @types/istanbul-reports@3.0.4 from lock file\nnpm error Missing: @types/yargs@17.0.33 from lock file\nnpm error Missing: @sinclair/typebox@0.27.8 from lock file\nnpm error Missing: @jridgewell/set-array@1.2.1 from lock file\nnpm error Missing: @jridgewell/sourcemap-codec@1.5.0 from lock file\nnpm error Missing: @jridgewell/resolve-uri@3.1.2 from lock file\nnpm error Missing: @types/istanbul-lib-report@3.0.3 from lock file\nnpm error Missing: @types/yargs-parser@21.0.3 from lock file\nnpm error Missing: type-fest@0.21.3 from lock file\nnpm error Missing: @babel/helper-plugin-utils@7.24.8 from lock file\nnpm error Missing: @istanbuljs/load-nyc-config@1.1.0 from lock file\nnpm error Missing: @istanbuljs/schema@0.1.3 from lock file\nnpm error Missing: istanbul-lib-instrument@5.2.1 from lock file\nnpm error Missing: test-exclude@6.0.0 from lock file\nnpm error Missing: camelcase@5.3.1 from lock file\nnpm error Missing: find-up@4.1.0 from lock file\nnpm error Missing: get-package-type@0.1.0 from lock file\nnpm error Missing: js-yaml@3.14.1 from lock file\nnpm error Missing: resolve-from@5.0.0 from lock file\nnpm error Missing: caniuse-lite@1.0.30001653 from lock file\nnpm error Missing: electron-to-chromium@1.5.13 from lock file\nnpm error Missing: node-releases@2.0.18 from lock file\nnpm error Missing: update-browserslist-db@1.1.0 from lock file\nnpm error Missing: pkg-dir@4.2.0 from lock file\nnpm error Missing: resolve-cwd@3.0.0 from lock file\nnpm error Missing: make-dir@4.0.0 from lock file\nnpm error Missing: source-map@0.6.1 from lock file\nnpm error Missing: html-escaper@2.0.2 from lock file\nnpm error Missing: execa@5.1.1 from lock file\nnpm error Missing: get-stream@6.0.1 from lock file\nnpm error Missing: human-signals@2.1.0 from lock file\nnpm error Missing: merge-stream@2.0.0 from lock file\nnpm error Missing: npm-run-path@4.0.1 from lock file\nnpm error Missing: onetime@5.1.2 from lock file\nnpm error Missing: signal-exit@3.0.7 from lock file\nnpm error Missing: strip-final-newline@2.0.0 from lock file\nnpm error Missing: create-jest@29.7.0 from lock file\nnpm error Missing: prompts@2.4.2 from lock file\nnpm error Missing: @jest/test-sequencer@29.7.0 from lock file\nnpm error Missing: babel-jest@29.7.0 from lock file\nnpm error Missing: deepmerge@4.3.1 from lock file\nnpm error Missing: jest-circus@29.7.0 from lock file\nnpm error Missing: jest-environment-node@29.7.0 from lock file\nnpm error Missing: jest-get-type@29.6.3 from lock file\nnpm error Missing: parse-json@5.2.0 from lock file\nnpm error Missing: @types/babel__core@7.20.5 from lock file\nnpm error Missing: babel-preset-jest@29.6.3 from lock file\nnpm error Missing: @types/babel__generator@7.6.8 from lock file\nnpm error Missing: @types/babel__template@7.4.4 from lock file\nnpm error Missing: @types/babel__traverse@7.20.6 from lock file\nnpm error Missing: babel-plugin-jest-hoist@29.6.3 from lock file\nnpm error Missing: babel-preset-current-node-syntax@1.1.0 from lock file\nnpm error Missing: @babel/plugin-syntax-async-generators@7.8.4 from lock file\nnpm error Missing: @babel/plugin-syntax-bigint@7.8.3 from lock file\nnpm error Missing: @babel/plugin-syntax-class-properties@7.12.13 from lock file\nnpm error Missing: @babel/plugin-syntax-class-static-block@7.14.5 from lock file\nnpm error Missing: @babel/plugin-syntax-import-attributes@7.24.7 from lock file\nnpm error Missing: @babel/plugin-syntax-import-meta@7.10.4 from lock file\nnpm error Missing: @babel/plugin-syntax-json-strings@7.8.3 from lock file\nnpm error Missing: @babel/plugin-syntax-logical-assignment-operators@7.10.4 from lock file\nnpm error Missing: @babel/plugin-syntax-nullish-coalescing-operator@7.8.3 from lock file\nnpm error Missing: @babel/plugin-syntax-numeric-separator@7.10.4 from lock file\nnpm error Missing: @babel/plugin-syntax-object-rest-spread@7.8.3 from lock file\nnpm error Missing: @babel/plugin-syntax-optional-catch-binding@7.8.3 from lock file\nnpm error Missing: @babel/plugin-syntax-optional-chaining@7.8.3 from lock file\nnpm error Missing: @babel/plugin-syntax-private-property-in-object@7.14.5 from lock file\nnpm error Missing: @babel/plugin-syntax-top-level-await@7.14.5 from lock file\nnpm error Missing: @jest/environment@29.7.0 from lock file\nnpm error Missing: @jest/expect@29.7.0 from lock file\nnpm error Missing: co@4.6.0 from lock file\nnpm error Missing: dedent@1.5.3 from lock file\nnpm error Missing: is-generator-fn@2.1.0 from lock file\nnpm error Missing: jest-each@29.7.0 from lock file\nnpm error Missing: jest-matcher-utils@29.7.0 from lock file\nnpm error Missing: pure-rand@6.1.0 from lock file\nnpm error Missing: stack-utils@2.0.6 from lock file\nnpm error Missing: @jest/fake-timers@29.7.0 from lock file\nnpm error Missing: jest-mock@29.7.0 from lock file\nnpm error Missing: expect@29.7.0 from lock file\nnpm error Missing: @sinonjs/fake-timers@10.3.0 from lock file\nnpm error Missing: @sinonjs/commons@3.0.1 from lock file\nnpm error Missing: type-detect@4.0.8 from lock file\nnpm error Missing: @jest/expect-utils@29.7.0 from lock file\nnpm error Missing: @types/graceful-fs@4.1.9 from lock file\nnpm error Missing: anymatch@3.1.3 from lock file\nnpm error Missing: fb-watchman@2.0.2 from lock file\nnpm error Missing: fsevents@2.3.3 from lock file\nnpm error Missing: walker@1.0.8 from lock file\nnpm error Missing: normalize-path@3.0.0 from lock file\nnpm error Missing: bser@2.1.1 from lock file\nnpm error Missing: node-int64@0.4.0 from lock file\nnpm error Missing: jest-diff@29.7.0 from lock file\nnpm error Missing: diff-sequences@29.6.3 from lock file\nnpm error Missing: @types/stack-utils@2.0.3 from lock file\nnpm error Missing: jest-pnp-resolver@1.2.3 from lock file\nnpm error Missing: resolve.exports@2.0.2 from lock file\nnpm error Missing: emittery@0.13.1 from lock file\nnpm error Missing: jest-docblock@29.7.0 from lock file\nnpm error Missing: jest-leak-detector@29.7.0 from lock file\nnpm error Missing: source-map-support@0.5.13 from lock file\nnpm error Missing: detect-newline@3.1.0 from lock file\nnpm error Missing: @jest/globals@29.7.0 from lock file\nnpm error Missing: @jest/source-map@29.6.3 from lock file\nnpm error Missing: cjs-module-lexer@1.4.0 from lock file\nnpm error Missing: strip-bom@4.0.0 from lock file\nnpm error Missing: @babel/plugin-syntax-jsx@7.24.7 from lock file\nnpm error Missing: @babel/plugin-syntax-typescript@7.25.4 from lock file\nnpm error Missing: camelcase@6.3.0 from lock file\nnpm error Missing: leven@3.1.0 from lock file\nnpm error Missing: supports-color@8.1.1 from lock file\nnpm error Missing: mimic-fn@2.1.0 from lock file\nnpm error Missing: error-ex@1.3.2 from lock file\nnpm error Missing: json-parse-even-better-errors@2.3.1 from lock file\nnpm error Missing: lines-and-columns@1.2.4 from lock file\nnpm error Missing: is-arrayish@0.2.1 from lock file\nnpm error Missing: find-up@4.1.0 from lock file\nnpm error Missing: ansi-styles@5.2.0 from lock file\nnpm error Missing: react-is@18.3.1 from lock file\nnpm error Missing: kleur@3.0.3 from lock file\nnpm error Missing: sisteransi@1.0.5 from lock file\nnpm error Missing: resolve-from@5.0.0 from lock file\nnpm error Missing: buffer-from@1.1.2 from lock file\nnpm error Missing: escape-string-regexp@2.0.0 from lock file\nnpm error Missing: char-regex@1.0.2 from lock file\nnpm error Missing: makeerror@1.0.12 from lock file\nnpm error Missing: tmpl@1.0.5 from lock file\nnpm error Missing: yallist@3.1.1 from lock file\nnpm error Missing: ansi-styles@3.2.1 from lock file\nnpm error Missing: escape-string-regexp@1.0.5 from lock file\nnpm error Missing: supports-color@5.5.0 from lock file\nnpm error Missing: color-convert@1.9.3 from lock file\nnpm error Missing: color-name@1.1.3 from lock file\nnpm error Missing: has-flag@3.0.0 from lock file\nnpm error Missing: locate-path@5.0.0 from lock file\nnpm error Missing: argparse@1.0.10 from lock file\nnpm error Missing: esprima@4.0.1 from lock file\nnpm error Missing: sprintf-js@1.0.3 from lock file\nnpm error Missing: p-locate@4.1.0 from lock file\nnpm error Missing: p-limit@2.3.0 from lock file\nnpm error Missing: p-try@2.2.0 from lock file\nnpm error Missing: semver@6.3.1 from lock file\nnpm error Missing: locate-path@5.0.0 from lock file\nnpm error Missing: p-locate@4.1.0 from lock file\nnpm error Missing: p-limit@2.3.0 from lock file\nnpm error\nnpm error Clean install a project\nnpm error\nnpm error Usage:\nnpm error npm ci\nnpm error\nnpm error Options:\nnpm error [--install-strategy <hoisted|nested|shallow|linked>] [--legacy-bundling]\nnpm error [--global-style] [--omit <dev|optional|peer> [--omit <dev|optional|peer> ...]]\nnpm error [--include <prod|dev|optional|peer> [--include <prod|dev|optional|peer> ...]]\nnpm error [--strict-peer-deps] [--foreground-scripts] [--ignore-scripts] [--no-audit]\nnpm error [--no-bin-links] [--no-fund] [--dry-run]\nnpm error [-w|--workspace <workspace-name> [-w|--workspace <workspace-name> ...]]\nnpm error [-ws|--workspaces] [--include-workspace-root] [--install-links]\nnpm error\nnpm error aliases: clean-install, ic, install-clean, isntall-clean\nnpm error\nnpm error Run \"npm help ci\" for more info\n\nnpm error A complete log of this run can be found in: /www-data-home/.npm/_logs/2024-08-27T23_36_42_014Z-debug-0.log. For more details see the logs at https://console.cloud.google.com/cloud-build/builds;region=us-central1/57d4bfbb-6291-4673-8db4-6bf392f07093?project=512192655271."
    },
    "status": 3,
    "code": 3
  }
}
[debug] [2024-08-27T23:37:24.565Z] Error: Failed to create function helloWorldWork in region us-central1
    at /Users/connornorton/.nvm/versions/node/v16.16.0/lib/node_modules/firebase-tools/lib/deploy/functions/release/fabricator.js:294:27
    at process.processTicksAndRejections (node:internal/process/task_queues:95:5)
    at async Fabricator.createV2Function (/Users/connornorton/.nvm/versions/node/v16.16.0/lib/node_modules/firebase-tools/lib/deploy/functions/release/fabricator.js:278:30)
    at async Fabricator.createEndpoint (/Users/connornorton/.nvm/versions/node/v16.16.0/lib/node_modules/firebase-tools/lib/deploy/functions/release/fabricator.js:137:13)
    at async handle (/Users/connornorton/.nvm/versions/node/v16.16.0/lib/node_modules/firebase-tools/lib/deploy/functions/release/fabricator.js:89:17)
[error] 
[error] Error: There was an error deploying functions
